Apr-30 23:19:09.775 [main] DEBUG nextflow.cli.Launcher - $> nextflow -C /orcd/data/dandi/001/dandi-compute/processing/tmpsxb9f7a1/001697/derivatives/dandiset-000363/sub-480135/ses-20210226T161028/pipeline-aind+ephys/version-v1.1.1+b268fd2/params-98fd947_config-6568dda_attempt-1/code/mit_engaging.config -log /orcd/data/dandi/001/dandi-compute/processing/tmpsxb9f7a1/001697/derivatives/dandiset-000363/sub-480135/ses-20210226T161028/pipeline-aind+ephys/version-v1.1.1+b268fd2/params-98fd947_config-6568dda_attempt-1/logs/nextflow.log run /orcd/data/dandi/001/dandi-compute/aind-ephys-pipeline.cody/pipeline/main_multi_backend.nf -work-dir /orcd/data/dandi/001/dandi-compute/work --params_file /orcd/data/dandi/001/dandi-compute/processing/tmpsxb9f7a1/001697/derivatives/dandiset-000363/sub-480135/ses-20210226T161028/pipeline-aind+ephys/version-v1.1.1+b268fd2/params-98fd947_config-6568dda_attempt-1/code/default.json --job_dispatch_args '--nwb-files /orcd/data/dandi/001/s3dandiarchive/blobs/002/d05/002d054f-fee4-457a-9889-e9700052296f'
Apr-30 23:19:10.108 [main] DEBUG nextflow.cli.CmdRun - N E X T F L O W  ~  version 25.10.2
Apr-30 23:19:10.259 [main] DEBUG nextflow.plugin.PluginsFacade - Setting up plugin manager > mode=prod; embedded=false; plugins-dir=/home/cb239/.nextflow/plugins; core-plugins: nf-amazon@3.4.2,nf-azure@1.20.2,nf-cloudcache@0.5.0,nf-codecommit@0.5.0,nf-console@1.3.0,nf-google@1.23.3,nf-k8s@1.2.2,nf-tower@1.17.3,nf-wave@1.16.1
Apr-30 23:19:10.410 [main] INFO  o.pf4j.DefaultPluginStatusProvider - Enabled plugins: []
Apr-30 23:19:10.411 [main] INFO  o.pf4j.DefaultPluginStatusProvider - Disabled plugins: []
Apr-30 23:19:10.413 [main] INFO  org.pf4j.DefaultPluginManager - PF4J version 3.12.0 in 'deployment' mode
Apr-30 23:19:10.498 [main] DEBUG nextflow.util.RetryConfig - Missing nextflow session - using default retry config
Apr-30 23:19:11.028 [main] INFO  org.pf4j.AbstractPluginManager - No plugins
Apr-30 23:19:11.076 [main] DEBUG nextflow.config.ConfigBuilder - Parsing config file: /orcd/data/dandi/001/dandi-compute/processing/tmpsxb9f7a1/001697/derivatives/dandiset-000363/sub-480135/ses-20210226T161028/pipeline-aind+ephys/version-v1.1.1+b268fd2/params-98fd947_config-6568dda_attempt-1/code/mit_engaging.config
Apr-30 23:19:11.106 [main] DEBUG nextflow.config.ConfigBuilder - Applying config profile: `standard`
Apr-30 23:19:11.877 [main] DEBUG nextflow.plugin.PluginsFacade - Plugins default=[]
Apr-30 23:19:11.877 [main] DEBUG nextflow.plugin.PluginsFacade - Plugins resolved requirement=[]
Apr-30 23:19:11.989 [main] DEBUG n.secret.LocalSecretsProvider - Secrets store: /home/cb239/.nextflow/secrets/store.json
Apr-30 23:19:11.992 [main] DEBUG nextflow.secret.SecretsLoader - Discovered secrets providers: [nextflow.secret.LocalSecretsProvider@bc6288b] - activable => nextflow.secret.LocalSecretsProvider@bc6288b
Apr-30 23:19:12.022 [main] DEBUG nextflow.cli.CmdRun - Applied DSL=2 from script declaration
Apr-30 23:19:12.048 [main] DEBUG nextflow.cli.CmdRun - Launching `/orcd/data/dandi/001/dandi-compute/aind-ephys-pipeline.cody/pipeline/main_multi_backend.nf` [cheeky_gauss] DSL2 - revision: 9b4b4a2d88
Apr-30 23:19:12.197 [main] DEBUG nextflow.Session - Session UUID: 5168b244-0d4a-4e1f-a4f9-a5533305306c
Apr-30 23:19:12.197 [main] DEBUG nextflow.Session - Run name: cheeky_gauss
Apr-30 23:19:12.198 [main] DEBUG nextflow.Session - Executor pool size: 2
Apr-30 23:19:12.219 [main] DEBUG nextflow.file.FilePorter - File porter settings maxRetries=3; maxTransfers=50; pollTimeout=null
Apr-30 23:19:12.224 [main] DEBUG nextflow.util.ThreadPoolBuilder - Creating thread pool 'FileTransfer' minSize=10; maxSize=10; workQueue=LinkedBlockingQueue[-1]; allowCoreThreadTimeout=false
Apr-30 23:19:12.298 [main] DEBUG nextflow.cli.CmdRun - 
  Version: 25.10.2 build 10555
  Created: 28-11-2025 19:24 UTC (14:24 EDT)
  System: Linux 4.18.0-553.83.1.el8_10.x86_64
  Runtime: Groovy 4.0.28 on OpenJDK 64-Bit Server VM 23.0.2-internal-adhoc.conda.src
  Encoding: UTF-8 (UTF-8)
  Process: 733515@node1615 [10.1.16.15]
  CPUs: 2 - Mem: 1 GB (725.5 MB) - Swap: 4 GB (2.6 GB)
Apr-30 23:19:12.349 [main] DEBUG nextflow.Session - Work-dir: /orcd/data/dandi/001/dandi-compute/work [nfs]
Apr-30 23:19:12.350 [main] DEBUG nextflow.Session - Script base path does not exist or is not a directory: /orcd/data/dandi/001/dandi-compute/aind-ephys-pipeline.cody/pipeline/bin
Apr-30 23:19:12.356 [main] DEBUG nextflow.executor.ExecutorFactory - Extension executors providers=[]
Apr-30 23:19:12.364 [main] DEBUG nextflow.Session - Observer factory (v2): LinObserverFactory
Apr-30 23:19:12.366 [main] DEBUG nextflow.Session - Observer factory (v2): DefaultObserverFactory
Apr-30 23:19:12.414 [main] DEBUG nextflow.cache.CacheFactory - Using Nextflow cache factory: nextflow.cache.DefaultCacheFactory
Apr-30 23:19:12.432 [main] DEBUG nextflow.util.CustomThreadPool - Creating default thread pool > poolSize: 3; maxThreads: 1000
Apr-30 23:19:12.508 [main] DEBUG nextflow.Session - Session start
Apr-30 23:19:12.515 [main] DEBUG nextflow.trace.TraceFileObserver - Workflow started -- trace file: /orcd/data/dandi/001/dandi-compute/processing/tmpsxb9f7a1/001697/derivatives/dandiset-000363/sub-480135/ses-20210226T161028/pipeline-aind+ephys/version-v1.1.1+b268fd2/params-98fd947_config-6568dda_attempt-1/intermediate/nextflow/trace.txt
Apr-30 23:19:13.709 [main] DEBUG nextflow.script.ScriptRunner - > Launching execution
Apr-30 23:19:13.717 [main] INFO  nextflow.script.BaseScript - DATA_PATH: /orcd/data/dandi/001/s3dandiarchive/blobs/002/d05
Apr-30 23:19:13.718 [main] INFO  nextflow.script.BaseScript - RESULTS_PATH: /orcd/data/dandi/001/dandi-compute/processing/tmpsxb9f7a1/001697/derivatives/dandiset-000363/sub-480135/ses-20210226T161028/pipeline-aind+ephys/version-v1.1.1+b268fd2/params-98fd947_config-6568dda_attempt-1/intermediate
Apr-30 23:19:13.751 [main] INFO  nextflow.script.BaseScript - Loaded parameters from /orcd/data/dandi/001/dandi-compute/processing/tmpsxb9f7a1/001697/derivatives/dandiset-000363/sub-480135/ses-20210226T161028/pipeline-aind+ephys/version-v1.1.1+b268fd2/params-98fd947_config-6568dda_attempt-1/code/default.json
Apr-30 23:19:13.751 [main] INFO  nextflow.script.BaseScript - PARAMS: [params_file:/orcd/data/dandi/001/dandi-compute/processing/tmpsxb9f7a1/001697/derivatives/dandiset-000363/sub-480135/ses-20210226T161028/pipeline-aind+ephys/version-v1.1.1+b268fd2/params-98fd947_config-6568dda_attempt-1/code/default.json, job_dispatch_args:--nwb-files /orcd/data/dandi/001/s3dandiarchive/blobs/002/d05/002d054f-fee4-457a-9889-e9700052296f, executor:slurm, default_queue:mit_normal, gpu_queue:mit_normal_gpu, max_normal_runtime_in_minutes:720m, max_gpu_runtime_in_minutes:360m, ecephys_path:/orcd/data/dandi/001/s3dandiarchive/blobs/002/d05, git_repo_prefix:https://github.com/AllenNeuralDynamics/aind-]
Apr-30 23:19:13.761 [main] INFO  nextflow.script.BaseScript - Using custom capsule versions file at: /orcd/data/dandi/001/dandi-compute/aind-ephys-pipeline.cody/pipeline/capsule_versions.env
Apr-30 23:19:13.784 [main] INFO  nextflow.script.BaseScript - CONTAINER TAG: si-0.103.2
Apr-30 23:19:13.785 [main] INFO  nextflow.script.BaseScript - No extra installs specified.
Apr-30 23:19:13.786 [main] INFO  nextflow.script.BaseScript - Using RUNMODE: full
Apr-30 23:19:13.786 [main] INFO  nextflow.script.BaseScript - Using parameters from JSON file: /orcd/data/dandi/001/dandi-compute/processing/tmpsxb9f7a1/001697/derivatives/dandiset-000363/sub-480135/ses-20210226T161028/pipeline-aind+ephys/version-v1.1.1+b268fd2/params-98fd947_config-6568dda_attempt-1/code/default.json
Apr-30 23:19:13.788 [main] INFO  nextflow.script.BaseScript - Merging job_dispatch_args from JSON with CLI args: --nwb-files /orcd/data/dandi/001/s3dandiarchive/blobs/002/d05/002d054f-fee4-457a-9889-e9700052296f
Apr-30 23:19:13.800 [main] INFO  nextflow.script.BaseScript - No sorter specified, defaulting to kilosort4
Apr-30 23:19:13.801 [main] INFO  nextflow.script.BaseScript - Using SORTER: kilosort4 with args: --params '{"job_kwargs":{"chunk_duration":"1s","progress_bar":false},"skip_motion_correction":false,"min_drift_channels":96,"raise_if_fails":true,"clear_cache":false,"sorter":{"batch_size":60000,"nblocks":5,"Th_universal":9,"Th_learned":8,"do_CAR":true,"invert_sign":false,"nt":61,"shift":null,"scale":null,"artifact_threshold":null,"nskip":25,"whitening_range":32,"highpass_cutoff":300,"binning_depth":5,"sig_interp":20,"drift_smoothing":[0.5,0.5,0.5],"nt0min":null,"dmin":null,"dminx":32,"min_template_size":10,"template_sizes":5,"nearest_chans":10,"nearest_templates":100,"max_channel_distance":null,"templates_from_data":true,"n_templates":6,"n_pcs":6,"Th_single_ch":6,"acg_threshold":0.2,"ccg_threshold":0.25,"cluster_downsampling":20,"x_centers":null,"duplicate_spike_ms":0.25,"save_preprocessed_copy":false,"torch_device":"auto","bad_channels":null,"clear_cache":false,"save_extra_vars":false,"do_correction":true,"keep_good_only":false,"skip_kilosort_preprocessing":false,"use_binary_file":null,"delete_recording_dat":true}}'
Apr-30 23:19:14.142 [main] DEBUG n.script.dsl.ProcessConfigBuilder - Config settings `withName:job_dispatch` matches process job_dispatch
Apr-30 23:19:14.149 [main] DEBUG nextflow.executor.ExecutorFactory - << taskConfig executor: slurm
Apr-30 23:19:14.149 [main] DEBUG nextflow.executor.ExecutorFactory - >> processorType: 'slurm'
Apr-30 23:19:14.163 [main] DEBUG nextflow.executor.Executor - [warm up] executor > slurm
Apr-30 23:19:14.195 [main] DEBUG n.processor.TaskPollingMonitor - Creating task monitor for executor 'slurm' > capacity: 100; pollInterval: 5s; dumpInterval: 5m 
Apr-30 23:19:14.199 [main] DEBUG n.processor.TaskPollingMonitor - >>> barrier register (monitor: slurm)
Apr-30 23:19:14.201 [main] DEBUG n.executor.AbstractGridExecutor - Creating executor 'slurm' > queue-stat-interval: 1m
Apr-30 23:19:14.219 [main] DEBUG nextflow.processor.TaskProcessor - Creating process 'job_dispatch': maxForks=0; fair=false; array=0
Apr-30 23:19:14.268 [main] DEBUG n.script.dsl.ProcessConfigBuilder - Config settings `withName:preprocessing` matches process preprocessing
Apr-30 23:19:14.270 [main] DEBUG nextflow.executor.ExecutorFactory - << taskConfig executor: slurm
Apr-30 23:19:14.270 [main] DEBUG nextflow.executor.ExecutorFactory - >> processorType: 'slurm'
Apr-30 23:19:14.275 [main] DEBUG nextflow.processor.TaskProcessor - Creating process 'preprocessing': maxForks=0; fair=false; array=0
Apr-30 23:19:14.278 [main] DEBUG n.script.dsl.ProcessConfigBuilder - Config settings `withName:spikesort_kilosort4` matches process spikesort_kilosort4
Apr-30 23:19:14.280 [main] DEBUG nextflow.executor.ExecutorFactory - << taskConfig executor: slurm
Apr-30 23:19:14.280 [main] DEBUG nextflow.executor.ExecutorFactory - >> processorType: 'slurm'
Apr-30 23:19:14.281 [main] DEBUG nextflow.processor.TaskProcessor - Creating process 'spikesort_kilosort4': maxForks=0; fair=false; array=0
Apr-30 23:19:14.288 [main] DEBUG n.script.dsl.ProcessConfigBuilder - Config settings `withName:postprocessing` matches process postprocessing
Apr-30 23:19:14.290 [main] DEBUG nextflow.executor.ExecutorFactory - << taskConfig executor: slurm
Apr-30 23:19:14.290 [main] DEBUG nextflow.executor.ExecutorFactory - >> processorType: 'slurm'
Apr-30 23:19:14.291 [main] DEBUG nextflow.processor.TaskProcessor - Creating process 'postprocessing': maxForks=0; fair=false; array=0
Apr-30 23:19:14.294 [main] DEBUG n.script.dsl.ProcessConfigBuilder - Config settings `withName:curation` matches process curation
Apr-30 23:19:14.295 [main] DEBUG nextflow.executor.ExecutorFactory - << taskConfig executor: slurm
Apr-30 23:19:14.295 [main] DEBUG nextflow.executor.ExecutorFactory - >> processorType: 'slurm'
Apr-30 23:19:14.296 [main] DEBUG nextflow.processor.TaskProcessor - Creating process 'curation': maxForks=0; fair=false; array=0
Apr-30 23:19:14.306 [main] DEBUG n.script.dsl.ProcessConfigBuilder - Config settings `withName:visualization` matches process visualization
Apr-30 23:19:14.308 [main] DEBUG nextflow.executor.ExecutorFactory - << taskConfig executor: slurm
Apr-30 23:19:14.308 [main] DEBUG nextflow.executor.ExecutorFactory - >> processorType: 'slurm'
Apr-30 23:19:14.308 [main] DEBUG nextflow.processor.TaskProcessor - Creating process 'visualization': maxForks=0; fair=false; array=0
Apr-30 23:19:14.326 [main] DEBUG n.script.dsl.ProcessConfigBuilder - Config settings `withName:results_collector` matches process results_collector
Apr-30 23:19:14.328 [main] DEBUG nextflow.executor.ExecutorFactory - << taskConfig executor: slurm
Apr-30 23:19:14.328 [main] DEBUG nextflow.executor.ExecutorFactory - >> processorType: 'slurm'
Apr-30 23:19:14.329 [main] DEBUG nextflow.processor.TaskProcessor - Creating process 'results_collector': maxForks=0; fair=false; array=0
Apr-30 23:19:14.341 [main] DEBUG n.script.dsl.ProcessConfigBuilder - Config settings `withName:quality_control` matches process quality_control
Apr-30 23:19:14.344 [main] DEBUG nextflow.executor.ExecutorFactory - << taskConfig executor: slurm
Apr-30 23:19:14.344 [main] DEBUG nextflow.executor.ExecutorFactory - >> processorType: 'slurm'
Apr-30 23:19:14.344 [main] DEBUG nextflow.processor.TaskProcessor - Creating process 'quality_control': maxForks=0; fair=false; array=0
Apr-30 23:19:14.349 [main] DEBUG n.script.dsl.ProcessConfigBuilder - Config settings `withName:quality_control_collector` matches process quality_control_collector
Apr-30 23:19:14.351 [main] DEBUG nextflow.executor.ExecutorFactory - << taskConfig executor: slurm
Apr-30 23:19:14.351 [main] DEBUG nextflow.executor.ExecutorFactory - >> processorType: 'slurm'
Apr-30 23:19:14.351 [main] DEBUG nextflow.processor.TaskProcessor - Creating process 'quality_control_collector': maxForks=0; fair=false; array=0
Apr-30 23:19:14.359 [main] DEBUG n.script.dsl.ProcessConfigBuilder - Config settings `withName:nwb_ecephys` matches process nwb_ecephys
Apr-30 23:19:14.360 [main] DEBUG nextflow.executor.ExecutorFactory - << taskConfig executor: slurm
Apr-30 23:19:14.360 [main] DEBUG nextflow.executor.ExecutorFactory - >> processorType: 'slurm'
Apr-30 23:19:14.360 [main] DEBUG nextflow.processor.TaskProcessor - Creating process 'nwb_ecephys': maxForks=0; fair=false; array=0
Apr-30 23:19:14.368 [main] DEBUG n.script.dsl.ProcessConfigBuilder - Config settings `withName:nwb_units` matches process nwb_units
Apr-30 23:19:14.370 [main] DEBUG nextflow.executor.ExecutorFactory - << taskConfig executor: slurm
Apr-30 23:19:14.370 [main] DEBUG nextflow.executor.ExecutorFactory - >> processorType: 'slurm'
Apr-30 23:19:14.370 [main] DEBUG nextflow.processor.TaskProcessor - Creating process 'nwb_units': maxForks=0; fair=false; array=0
Apr-30 23:19:14.375 [main] DEBUG nextflow.Session - Workflow process names [dsl2]: nwb_ecephys, visualization, results_collector, postprocessing, preprocessing, spikesort_lupin, spikesort_kilosort25, job_dispatch, spikesort_spykingcircus2, spikesort_kilosort4, curation, quality_control_collector, quality_control, nwb_units
Apr-30 23:19:14.386 [main] WARN  nextflow.Session - There's no process matching config selector: nwb_subject
Apr-30 23:19:14.405 [main] DEBUG nextflow.Session - Igniting dataflow network (12)
Apr-30 23:19:14.412 [main] DEBUG nextflow.processor.TaskProcessor - Starting process > job_dispatch
Apr-30 23:19:14.422 [main] DEBUG nextflow.processor.TaskProcessor - Starting process > preprocessing
Apr-30 23:19:14.423 [main] DEBUG nextflow.processor.TaskProcessor - Starting process > spikesort_kilosort4
Apr-30 23:19:14.427 [main] DEBUG nextflow.processor.TaskProcessor - Starting process > postprocessing
Apr-30 23:19:14.427 [main] DEBUG nextflow.processor.TaskProcessor - Starting process > curation
Apr-30 23:19:14.427 [main] DEBUG nextflow.processor.TaskProcessor - Starting process > visualization
Apr-30 23:19:14.428 [main] DEBUG nextflow.processor.TaskProcessor - Starting process > results_collector
Apr-30 23:19:14.428 [main] DEBUG nextflow.processor.TaskProcessor - Starting process > quality_control
Apr-30 23:19:14.428 [main] DEBUG nextflow.processor.TaskProcessor - Starting process > quality_control_collector
Apr-30 23:19:14.431 [main] DEBUG nextflow.processor.TaskProcessor - Starting process > nwb_ecephys
Apr-30 23:19:14.431 [main] DEBUG nextflow.processor.TaskProcessor - Starting process > nwb_units
Apr-30 23:19:14.432 [main] DEBUG nextflow.script.ScriptRunner - Parsed script files:
  Script_ca4cfbc669997bac: /orcd/data/dandi/001/dandi-compute/aind-ephys-pipeline.cody/pipeline/main_multi_backend.nf
Apr-30 23:19:14.432 [main] DEBUG nextflow.script.ScriptRunner - > Awaiting termination 
Apr-30 23:19:14.432 [main] DEBUG nextflow.Session - Session await
Apr-30 23:19:14.536 [Actor Thread 8] DEBUG nextflow.container.SingularityCache - Apptainer found local store for image=docker://ghcr.io/allenneuraldynamics/aind-ephys-pipeline-base:si-0.103.2; path=/orcd/data/dandi/001/dandi-compute/work/apptainer_cache/ghcr.io-allenneuraldynamics-aind-ephys-pipeline-base-si-0.103.2.img
Apr-30 23:19:14.759 [Task submitter] DEBUG nextflow.executor.GridTaskHandler - [SLURM] submitted process job_dispatch (job-dispatch) > jobId: 12936841; workDir: /orcd/data/dandi/001/dandi-compute/work/5d/63479429c4a93aec2a3ba7fdd9e5d5
Apr-30 23:19:14.759 [Task submitter] INFO  nextflow.Session - [5d/634794] Submitted process > job_dispatch (job-dispatch)
Apr-30 23:22:24.311 [Task monitor] DEBUG n.processor.TaskPollingMonitor - Task completed > TaskHandler[jobId: 12936841; id: 1; name: job_dispatch (job-dispatch); status: COMPLETED; exit: 1; error: -; workDir: /orcd/data/dandi/001/dandi-compute/work/5d/63479429c4a93aec2a3ba7fdd9e5d5 started: 1777605744282; exited: 2026-05-01T03:22:14.832454843Z; ]
Apr-30 23:22:24.312 [Task monitor] DEBUG nextflow.util.ThreadPoolBuilder - Creating thread pool 'TaskFinalizer' minSize=10; maxSize=10; workQueue=LinkedBlockingQueue[-1]; allowCoreThreadTimeout=false
Apr-30 23:22:24.344 [TaskFinalizer-1] DEBUG nextflow.processor.TaskProcessor - Handling unexpected condition for
  task: name=job_dispatch (job-dispatch); work-dir=/orcd/data/dandi/001/dandi-compute/work/5d/63479429c4a93aec2a3ba7fdd9e5d5
  error [nextflow.exception.ProcessFailedException]: Process `job_dispatch (job-dispatch)` terminated with an error exit status (1)
Apr-30 23:22:24.466 [TaskFinalizer-1] ERROR nextflow.processor.TaskProcessor - Error executing process > 'job_dispatch (job-dispatch)'

Caused by:
  Process `job_dispatch (job-dispatch)` terminated with an error exit status (1)


Command executed:

  #!/usr/bin/env bash
      set -e
  
      
      
  
      mkdir -p capsule
      mkdir -p capsule/data
      mkdir -p capsule/results
      mkdir -p capsule/scratch
  
      if [[ slurm == "slurm" ]]; then
          echo "[job-dispatch] allocated task time: 12h"
      fi
  
      TASK_DIR=$(pwd)
  
      echo "[job-dispatch] cloning git repo..."
      
  clone_repo() {
      local repo_url="$1"
      local commit_hash="$2"
  
      echo "cloning git repo: ${repo_url} (commit: ${commit_hash})..."
  
      git clone "${repo_url}" capsule-repo
      git -C capsule-repo -c core.fileMode=false checkout "${commit_hash}" --quiet
  
      mv capsule-repo/code capsule/code
      rm -rf capsule-repo
  }
  
      clone_repo "https://github.com/AllenNeuralDynamics/aind-ephys-job-dispatch.git" "bc73404c574d04d456684fd0abad5373a257d4fe"
  
      echo "[job-dispatch] running capsule..."
      cd capsule/code
      chmod +x run
      ./run --params '{"split_segments":true,"split_groups":true,"debug":false,"debug_duration":30,"skip_timestamps_check":false,"multi_session":false,"input":"nwb","nwb_files":"/orcd/data/dandi/001/s3dandiarchive/blobs/002/d05/002d054f-fee4-457a-9889-e9700052296f"}'
  
      MAX_DURATION_MIN=$(python get_max_recording_duration_min.py)
  
      cd $TASK_DIR
      echo "$MAX_DURATION_MIN" > max_duration.txt
  
      echo "[job-dispatch] completed!"

Command exit status:
  1

Command output:
  [job-dispatch] allocated task time: 12h
  [job-dispatch] cloning git repo...
  cloning git repo: https://github.com/AllenNeuralDynamics/aind-ephys-job-dispatch.git (commit: bc73404c574d04d456684fd0abad5373a257d4fe)...
  [job-dispatch] running capsule...
  Running job dispatcher with the following parameters:
  	SPLIT SEGMENTS: True
  	SPLIT GROUPS: True
  	DEBUG: False
  	DEBUG DURATION: 30.0
  	SKIP TIMESTAMPS CHECK: False
  	MULTI SESSION: False
  	INPUT: nwb
  	MIN_RECORDING_DURATION: -1
  Parsing nwb input folder
  nwb_files: [PosixPath('/orcd/data/dandi/001/s3dandiarchive/blobs/002/d05/002d054f-fee4-457a-9889-e9700052296f')]
  Processing NWB file: /orcd/data/dandi/001/s3dandiarchive/blobs/002/d05/002d054f-fee4-457a-9889-e9700052296f
  	Session name: 002d054f-fee4-457a-9889-e9700052296f
  	Num. Blocks 1 - Num. streams: 0
  Recording to be processed in parallel:
  Generated 0 job config files

Command error:
  WARNING: While bind mounting '/orcd/data/dandi/001:/orcd/data/dandi/001': destination is already in the mount point list
  Cloning into 'capsule-repo'...
  + python -u run_capsule.py --params '{"split_segments":true,"split_groups":true,"debug":false,"debug_duration":30,"skip_timestamps_check":false,"multi_session":false,"input":"nwb","nwb_files":"/orcd/data/dandi/001/s3dandiarchive/blobs/002/d05/002d054f-fee4-457a-9889-e9700052296f"}'
  Traceback (most recent call last):
    File "capsule/code/get_max_recording_duration_min.py", line 20, in <module>
      max_duration_min = int(np.round(np.max(durations) / 60))
                                      ^^^^^^^^^^^^^^^^^
    File "/opt/conda/lib/python3.11/site-packages/numpy/_core/fromnumeric.py", line 3123, in max
      return _wrapreduction(a, np.maximum, 'max', axis, None, out,
             ^^^^^^^^^^^^^^^^^^^^^^^^^^^^^^^^^^^^^^^^^^^^^^^^^^^^^
    File "/opt/conda/lib/python3.11/site-packages/numpy/_core/fromnumeric.py", line 83, in _wrapreduction
      return ufunc.reduce(obj, axis, dtype, out, **passkwargs)
             ^^^^^^^^^^^^^^^^^^^^^^^^^^^^^^^^^^^^^^^^^^^^^^^^^
  ValueError: zero-size array to reduction operation maximum which has no identity

Work dir:
  /orcd/data/dandi/001/dandi-compute/work/5d/63479429c4a93aec2a3ba7fdd9e5d5

Container:
  /orcd/data/dandi/001/dandi-compute/work/apptainer_cache/ghcr.io-allenneuraldynamics-aind-ephys-pipeline-base-si-0.103.2.img

Tip: view the complete command output by changing to the process work dir and entering the command `cat .command.out`
Apr-30 23:22:24.514 [TaskFinalizer-1] DEBUG nextflow.Session - Session aborted -- Cause: Process `job_dispatch (job-dispatch)` terminated with an error exit status (1)
Apr-30 23:22:24.567 [TaskFinalizer-1] DEBUG nextflow.Session - The following nodes are still active:
[process] preprocessing
  status=ACTIVE
  port 0: (value) bound ; channel: max_duration_minutes
  port 1: (value) bound ; channel: ecephys_session_input
  port 2: (queue) OPEN  ; channel: job_dispatch_results
  port 3: (cntrl) -     ; channel: $

[process] spikesort_kilosort4
  status=ACTIVE
  port 0: (value) bound ; channel: max_duration_minutes
  port 1: (queue) OPEN  ; channel: preprocessing_results
  port 2: (cntrl) -     ; channel: $

[process] quality_control
  status=ACTIVE
  port 0: (value) bound ; channel: max_duration_minutes
  port 1: (value) bound ; channel: ecephys_session_input
  port 2: (queue) OPEN  ; channel: job_dispatch_results
  port 3: (value) bound ; channel: results_data
  port 4: (cntrl) -     ; channel: $

[process] quality_control_collector

[process] nwb_ecephys

Apr-30 23:22:24.573 [main] DEBUG nextflow.Session - Session await > all processes finished
Apr-30 23:22:24.622 [TaskFinalizer-1] DEBUG n.trace.WorkflowStatsObserver - Workflow completed > WorkflowStats[succeededCount=0; failedCount=1; ignoredCount=0; cachedCount=0; pendingCount=0; submittedCount=0; runningCount=0; retriesCount=0; abortedCount=0; succeedDuration=0ms; failedDuration=116ms; cachedDuration=0ms;loadCpus=0; loadMemory=0; peakRunning=1; peakCpus=4; peakMemory=16 GB; ]
Apr-30 23:22:24.711 [TaskFinalizer-1] DEBUG nextflow.trace.ReportObserver - Workflow completed -- rendering execution report
Apr-30 23:22:25.217 [TaskFinalizer-1] DEBUG nextflow.trace.TimelineObserver - Workflow completed -- rendering execution timeline
Apr-30 23:22:25.281 [TaskFinalizer-1] DEBUG nextflow.trace.TraceFileObserver - Workflow completed -- saving trace file
Apr-30 23:22:25.304 [Task monitor] DEBUG n.processor.TaskPollingMonitor - <<< barrier arrives (monitor: slurm) - terminating tasks monitor poll loop
Apr-30 23:22:25.305 [main] DEBUG nextflow.Session - Session await > all barriers passed
Apr-30 23:22:25.306 [main] DEBUG n.trace.WorkflowStatsObserver - Workflow completed > WorkflowStats[succeededCount=0; failedCount=1; ignoredCount=0; cachedCount=0; pendingCount=0; submittedCount=0; runningCount=0; retriesCount=0; abortedCount=0; succeedDuration=0ms; failedDuration=116ms; cachedDuration=0ms;loadCpus=0; loadMemory=0; peakRunning=1; peakCpus=4; peakMemory=16 GB; ]
Apr-30 23:22:25.328 [main] DEBUG nextflow.trace.ReportObserver - Workflow completed -- rendering execution report
Apr-30 23:22:25.634 [main] DEBUG nextflow.trace.TimelineObserver - Workflow completed -- rendering execution timeline
Apr-30 23:22:25.678 [main] DEBUG nextflow.trace.TraceFileObserver - Workflow completed -- saving trace file
Apr-30 23:22:25.705 [main] DEBUG nextflow.cache.CacheDB - Closing CacheDB done
Apr-30 23:22:25.733 [main] DEBUG nextflow.script.ScriptRunner - > Execution complete -- Goodbye
