Apr-24 12:50:43.742 [main] DEBUG nextflow.cli.Launcher - $> nextflow -C /orcd/data/dandi/001/dandi-compute/processing/tmprtfqpb3r/001697/derivatives/dandiset-000943/sub-M1/ses-M1-D6-2020-08-10-15-01-45/pipeline-aind+ephys/version-v1.1.1+b268fd2/params-98fd947_config-6568dda_attempt-1/code/mit_engaging.config -log /orcd/data/dandi/001/dandi-compute/processing/tmprtfqpb3r/001697/derivatives/dandiset-000943/sub-M1/ses-M1-D6-2020-08-10-15-01-45/pipeline-aind+ephys/version-v1.1.1+b268fd2/params-98fd947_config-6568dda_attempt-1/logs/nextflow.log run /orcd/data/dandi/001/dandi-compute/aind-ephys-pipeline.cody/pipeline/main_multi_backend.nf -work-dir /orcd/data/dandi/001/dandi-compute/work --params_file /orcd/data/dandi/001/dandi-compute/processing/tmprtfqpb3r/001697/derivatives/dandiset-000943/sub-M1/ses-M1-D6-2020-08-10-15-01-45/pipeline-aind+ephys/version-v1.1.1+b268fd2/params-98fd947_config-6568dda_attempt-1/code/default.json --job_dispatch_args '--nwb-files /orcd/data/dandi/001/s3dandiarchive/blobs/001/6e8/0016e8ba-04c7-496f-8970-07bb24a4e283'
Apr-24 12:50:44.062 [main] DEBUG nextflow.cli.CmdRun - N E X T F L O W  ~  version 25.10.2
Apr-24 12:50:44.208 [main] DEBUG nextflow.plugin.PluginsFacade - Setting up plugin manager > mode=prod; embedded=false; plugins-dir=/home/cb239/.nextflow/plugins; core-plugins: nf-amazon@3.4.2,nf-azure@1.20.2,nf-cloudcache@0.5.0,nf-codecommit@0.5.0,nf-console@1.3.0,nf-google@1.23.3,nf-k8s@1.2.2,nf-tower@1.17.3,nf-wave@1.16.1
Apr-24 12:50:44.338 [main] INFO  o.pf4j.DefaultPluginStatusProvider - Enabled plugins: []
Apr-24 12:50:44.340 [main] INFO  o.pf4j.DefaultPluginStatusProvider - Disabled plugins: []
Apr-24 12:50:44.342 [main] INFO  org.pf4j.DefaultPluginManager - PF4J version 3.12.0 in 'deployment' mode
Apr-24 12:50:44.383 [main] DEBUG nextflow.util.RetryConfig - Missing nextflow session - using default retry config
Apr-24 12:50:44.796 [main] INFO  org.pf4j.AbstractPluginManager - No plugins
Apr-24 12:50:44.840 [main] DEBUG nextflow.config.ConfigBuilder - Parsing config file: /orcd/data/dandi/001/dandi-compute/processing/tmprtfqpb3r/001697/derivatives/dandiset-000943/sub-M1/ses-M1-D6-2020-08-10-15-01-45/pipeline-aind+ephys/version-v1.1.1+b268fd2/params-98fd947_config-6568dda_attempt-1/code/mit_engaging.config
Apr-24 12:50:44.871 [main] DEBUG nextflow.config.ConfigBuilder - Applying config profile: `standard`
Apr-24 12:50:45.618 [main] DEBUG nextflow.plugin.PluginsFacade - Plugins default=[]
Apr-24 12:50:45.618 [main] DEBUG nextflow.plugin.PluginsFacade - Plugins resolved requirement=[]
Apr-24 12:50:45.705 [main] DEBUG n.secret.LocalSecretsProvider - Secrets store: /home/cb239/.nextflow/secrets/store.json
Apr-24 12:50:45.708 [main] DEBUG nextflow.secret.SecretsLoader - Discovered secrets providers: [nextflow.secret.LocalSecretsProvider@bc6288b] - activable => nextflow.secret.LocalSecretsProvider@bc6288b
Apr-24 12:50:45.727 [main] DEBUG nextflow.cli.CmdRun - Applied DSL=2 from script declaration
Apr-24 12:50:45.748 [main] DEBUG nextflow.cli.CmdRun - Launching `/orcd/data/dandi/001/dandi-compute/aind-ephys-pipeline.cody/pipeline/main_multi_backend.nf` [nasty_davinci] DSL2 - revision: 9b4b4a2d88
Apr-24 12:50:45.840 [main] DEBUG nextflow.Session - Session UUID: 67d4e063-7948-4ce6-8a18-6f7acea68590
Apr-24 12:50:45.840 [main] DEBUG nextflow.Session - Run name: nasty_davinci
Apr-24 12:50:45.841 [main] DEBUG nextflow.Session - Executor pool size: 2
Apr-24 12:50:45.851 [main] DEBUG nextflow.file.FilePorter - File porter settings maxRetries=3; maxTransfers=50; pollTimeout=null
Apr-24 12:50:45.855 [main] DEBUG nextflow.util.ThreadPoolBuilder - Creating thread pool 'FileTransfer' minSize=10; maxSize=10; workQueue=LinkedBlockingQueue[-1]; allowCoreThreadTimeout=false
Apr-24 12:50:45.943 [main] DEBUG nextflow.cli.CmdRun - 
  Version: 25.10.2 build 10555
  Created: 28-11-2025 19:24 UTC (14:24 EDT)
  System: Linux 4.18.0-553.83.1.el8_10.x86_64
  Runtime: Groovy 4.0.28 on OpenJDK 64-Bit Server VM 23.0.2-internal-adhoc.conda.src
  Encoding: UTF-8 (UTF-8)
  Process: 1932565@node3314 [10.1.33.14]
  CPUs: 2 - Mem: 1 GB (777.4 MB) - Swap: 4 GB (4 GB)
Apr-24 12:50:46.000 [main] DEBUG nextflow.Session - Work-dir: /orcd/data/dandi/001/dandi-compute/work [nfs]
Apr-24 12:50:46.000 [main] DEBUG nextflow.Session - Script base path does not exist or is not a directory: /orcd/data/dandi/001/dandi-compute/aind-ephys-pipeline.cody/pipeline/bin
Apr-24 12:50:46.007 [main] DEBUG nextflow.executor.ExecutorFactory - Extension executors providers=[]
Apr-24 12:50:46.017 [main] DEBUG nextflow.Session - Observer factory (v2): LinObserverFactory
Apr-24 12:50:46.019 [main] DEBUG nextflow.Session - Observer factory (v2): DefaultObserverFactory
Apr-24 12:50:46.069 [main] DEBUG nextflow.cache.CacheFactory - Using Nextflow cache factory: nextflow.cache.DefaultCacheFactory
Apr-24 12:50:46.099 [main] DEBUG nextflow.util.CustomThreadPool - Creating default thread pool > poolSize: 3; maxThreads: 1000
Apr-24 12:50:46.183 [main] DEBUG nextflow.Session - Session start
Apr-24 12:50:46.190 [main] DEBUG nextflow.trace.TraceFileObserver - Workflow started -- trace file: /orcd/data/dandi/001/dandi-compute/processing/tmprtfqpb3r/001697/derivatives/dandiset-000943/sub-M1/ses-M1-D6-2020-08-10-15-01-45/pipeline-aind+ephys/version-v1.1.1+b268fd2/params-98fd947_config-6568dda_attempt-1/intermediate/nextflow/trace.txt
Apr-24 12:50:47.362 [main] DEBUG nextflow.script.ScriptRunner - > Launching execution
Apr-24 12:50:47.366 [main] INFO  nextflow.script.BaseScript - DATA_PATH: /orcd/data/dandi/001/s3dandiarchive/blobs/001/6e8
Apr-24 12:50:47.367 [main] INFO  nextflow.script.BaseScript - RESULTS_PATH: /orcd/data/dandi/001/dandi-compute/processing/tmprtfqpb3r/001697/derivatives/dandiset-000943/sub-M1/ses-M1-D6-2020-08-10-15-01-45/pipeline-aind+ephys/version-v1.1.1+b268fd2/params-98fd947_config-6568dda_attempt-1/intermediate
Apr-24 12:50:47.408 [main] INFO  nextflow.script.BaseScript - Loaded parameters from /orcd/data/dandi/001/dandi-compute/processing/tmprtfqpb3r/001697/derivatives/dandiset-000943/sub-M1/ses-M1-D6-2020-08-10-15-01-45/pipeline-aind+ephys/version-v1.1.1+b268fd2/params-98fd947_config-6568dda_attempt-1/code/default.json
Apr-24 12:50:47.408 [main] INFO  nextflow.script.BaseScript - PARAMS: [params_file:/orcd/data/dandi/001/dandi-compute/processing/tmprtfqpb3r/001697/derivatives/dandiset-000943/sub-M1/ses-M1-D6-2020-08-10-15-01-45/pipeline-aind+ephys/version-v1.1.1+b268fd2/params-98fd947_config-6568dda_attempt-1/code/default.json, job_dispatch_args:--nwb-files /orcd/data/dandi/001/s3dandiarchive/blobs/001/6e8/0016e8ba-04c7-496f-8970-07bb24a4e283, executor:slurm, default_queue:mit_normal, gpu_queue:mit_normal_gpu, max_normal_runtime_in_minutes:720m, max_gpu_runtime_in_minutes:360m, ecephys_path:/orcd/data/dandi/001/s3dandiarchive/blobs/001/6e8, git_repo_prefix:https://github.com/AllenNeuralDynamics/aind-]
Apr-24 12:50:47.417 [main] INFO  nextflow.script.BaseScript - Using custom capsule versions file at: /orcd/data/dandi/001/dandi-compute/aind-ephys-pipeline.cody/pipeline/capsule_versions.env
Apr-24 12:50:47.426 [main] INFO  nextflow.script.BaseScript - CONTAINER TAG: si-0.103.2
Apr-24 12:50:47.426 [main] INFO  nextflow.script.BaseScript - No extra installs specified.
Apr-24 12:50:47.427 [main] INFO  nextflow.script.BaseScript - Using RUNMODE: full
Apr-24 12:50:47.428 [main] INFO  nextflow.script.BaseScript - Using parameters from JSON file: /orcd/data/dandi/001/dandi-compute/processing/tmprtfqpb3r/001697/derivatives/dandiset-000943/sub-M1/ses-M1-D6-2020-08-10-15-01-45/pipeline-aind+ephys/version-v1.1.1+b268fd2/params-98fd947_config-6568dda_attempt-1/code/default.json
Apr-24 12:50:47.429 [main] INFO  nextflow.script.BaseScript - Merging job_dispatch_args from JSON with CLI args: --nwb-files /orcd/data/dandi/001/s3dandiarchive/blobs/001/6e8/0016e8ba-04c7-496f-8970-07bb24a4e283
Apr-24 12:50:47.462 [main] INFO  nextflow.script.BaseScript - No sorter specified, defaulting to kilosort4
Apr-24 12:50:47.463 [main] INFO  nextflow.script.BaseScript - Using SORTER: kilosort4 with args: --params '{"job_kwargs":{"chunk_duration":"1s","progress_bar":false},"skip_motion_correction":false,"min_drift_channels":96,"raise_if_fails":true,"clear_cache":false,"sorter":{"batch_size":60000,"nblocks":5,"Th_universal":9,"Th_learned":8,"do_CAR":true,"invert_sign":false,"nt":61,"shift":null,"scale":null,"artifact_threshold":null,"nskip":25,"whitening_range":32,"highpass_cutoff":300,"binning_depth":5,"sig_interp":20,"drift_smoothing":[0.5,0.5,0.5],"nt0min":null,"dmin":null,"dminx":32,"min_template_size":10,"template_sizes":5,"nearest_chans":10,"nearest_templates":100,"max_channel_distance":null,"templates_from_data":true,"n_templates":6,"n_pcs":6,"Th_single_ch":6,"acg_threshold":0.2,"ccg_threshold":0.25,"cluster_downsampling":20,"x_centers":null,"duplicate_spike_ms":0.25,"save_preprocessed_copy":false,"torch_device":"auto","bad_channels":null,"clear_cache":false,"save_extra_vars":false,"do_correction":true,"keep_good_only":false,"skip_kilosort_preprocessing":false,"use_binary_file":null,"delete_recording_dat":true}}'
Apr-24 12:50:47.786 [main] DEBUG n.script.dsl.ProcessConfigBuilder - Config settings `withName:job_dispatch` matches process job_dispatch
Apr-24 12:50:47.793 [main] DEBUG nextflow.executor.ExecutorFactory - << taskConfig executor: slurm
Apr-24 12:50:47.793 [main] DEBUG nextflow.executor.ExecutorFactory - >> processorType: 'slurm'
Apr-24 12:50:47.809 [main] DEBUG nextflow.executor.Executor - [warm up] executor > slurm
Apr-24 12:50:47.835 [main] DEBUG n.processor.TaskPollingMonitor - Creating task monitor for executor 'slurm' > capacity: 100; pollInterval: 5s; dumpInterval: 5m 
Apr-24 12:50:47.838 [main] DEBUG n.processor.TaskPollingMonitor - >>> barrier register (monitor: slurm)
Apr-24 12:50:47.840 [main] DEBUG n.executor.AbstractGridExecutor - Creating executor 'slurm' > queue-stat-interval: 1m
Apr-24 12:50:47.856 [main] DEBUG nextflow.processor.TaskProcessor - Creating process 'job_dispatch': maxForks=0; fair=false; array=0
Apr-24 12:50:47.920 [main] DEBUG n.script.dsl.ProcessConfigBuilder - Config settings `withName:preprocessing` matches process preprocessing
Apr-24 12:50:47.922 [main] DEBUG nextflow.executor.ExecutorFactory - << taskConfig executor: slurm
Apr-24 12:50:47.922 [main] DEBUG nextflow.executor.ExecutorFactory - >> processorType: 'slurm'
Apr-24 12:50:47.923 [main] DEBUG nextflow.processor.TaskProcessor - Creating process 'preprocessing': maxForks=0; fair=false; array=0
Apr-24 12:50:47.931 [main] DEBUG n.script.dsl.ProcessConfigBuilder - Config settings `withName:spikesort_kilosort4` matches process spikesort_kilosort4
Apr-24 12:50:47.933 [main] DEBUG nextflow.executor.ExecutorFactory - << taskConfig executor: slurm
Apr-24 12:50:47.933 [main] DEBUG nextflow.executor.ExecutorFactory - >> processorType: 'slurm'
Apr-24 12:50:47.933 [main] DEBUG nextflow.processor.TaskProcessor - Creating process 'spikesort_kilosort4': maxForks=0; fair=false; array=0
Apr-24 12:50:47.942 [main] DEBUG n.script.dsl.ProcessConfigBuilder - Config settings `withName:postprocessing` matches process postprocessing
Apr-24 12:50:47.943 [main] DEBUG nextflow.executor.ExecutorFactory - << taskConfig executor: slurm
Apr-24 12:50:47.944 [main] DEBUG nextflow.executor.ExecutorFactory - >> processorType: 'slurm'
Apr-24 12:50:47.944 [main] DEBUG nextflow.processor.TaskProcessor - Creating process 'postprocessing': maxForks=0; fair=false; array=0
Apr-24 12:50:47.949 [main] DEBUG n.script.dsl.ProcessConfigBuilder - Config settings `withName:curation` matches process curation
Apr-24 12:50:47.951 [main] DEBUG nextflow.executor.ExecutorFactory - << taskConfig executor: slurm
Apr-24 12:50:47.951 [main] DEBUG nextflow.executor.ExecutorFactory - >> processorType: 'slurm'
Apr-24 12:50:47.951 [main] DEBUG nextflow.processor.TaskProcessor - Creating process 'curation': maxForks=0; fair=false; array=0
Apr-24 12:50:47.961 [main] DEBUG n.script.dsl.ProcessConfigBuilder - Config settings `withName:visualization` matches process visualization
Apr-24 12:50:47.963 [main] DEBUG nextflow.executor.ExecutorFactory - << taskConfig executor: slurm
Apr-24 12:50:47.963 [main] DEBUG nextflow.executor.ExecutorFactory - >> processorType: 'slurm'
Apr-24 12:50:47.963 [main] DEBUG nextflow.processor.TaskProcessor - Creating process 'visualization': maxForks=0; fair=false; array=0
Apr-24 12:50:47.982 [main] DEBUG n.script.dsl.ProcessConfigBuilder - Config settings `withName:results_collector` matches process results_collector
Apr-24 12:50:47.983 [main] DEBUG nextflow.executor.ExecutorFactory - << taskConfig executor: slurm
Apr-24 12:50:47.983 [main] DEBUG nextflow.executor.ExecutorFactory - >> processorType: 'slurm'
Apr-24 12:50:47.984 [main] DEBUG nextflow.processor.TaskProcessor - Creating process 'results_collector': maxForks=0; fair=false; array=0
Apr-24 12:50:47.995 [main] DEBUG n.script.dsl.ProcessConfigBuilder - Config settings `withName:quality_control` matches process quality_control
Apr-24 12:50:47.997 [main] DEBUG nextflow.executor.ExecutorFactory - << taskConfig executor: slurm
Apr-24 12:50:47.997 [main] DEBUG nextflow.executor.ExecutorFactory - >> processorType: 'slurm'
Apr-24 12:50:47.998 [main] DEBUG nextflow.processor.TaskProcessor - Creating process 'quality_control': maxForks=0; fair=false; array=0
Apr-24 12:50:48.001 [main] DEBUG n.script.dsl.ProcessConfigBuilder - Config settings `withName:quality_control_collector` matches process quality_control_collector
Apr-24 12:50:48.002 [main] DEBUG nextflow.executor.ExecutorFactory - << taskConfig executor: slurm
Apr-24 12:50:48.002 [main] DEBUG nextflow.executor.ExecutorFactory - >> processorType: 'slurm'
Apr-24 12:50:48.003 [main] DEBUG nextflow.processor.TaskProcessor - Creating process 'quality_control_collector': maxForks=0; fair=false; array=0
Apr-24 12:50:48.011 [main] DEBUG n.script.dsl.ProcessConfigBuilder - Config settings `withName:nwb_ecephys` matches process nwb_ecephys
Apr-24 12:50:48.013 [main] DEBUG nextflow.executor.ExecutorFactory - << taskConfig executor: slurm
Apr-24 12:50:48.013 [main] DEBUG nextflow.executor.ExecutorFactory - >> processorType: 'slurm'
Apr-24 12:50:48.013 [main] DEBUG nextflow.processor.TaskProcessor - Creating process 'nwb_ecephys': maxForks=0; fair=false; array=0
Apr-24 12:50:48.020 [main] DEBUG n.script.dsl.ProcessConfigBuilder - Config settings `withName:nwb_units` matches process nwb_units
Apr-24 12:50:48.021 [main] DEBUG nextflow.executor.ExecutorFactory - << taskConfig executor: slurm
Apr-24 12:50:48.021 [main] DEBUG nextflow.executor.ExecutorFactory - >> processorType: 'slurm'
Apr-24 12:50:48.022 [main] DEBUG nextflow.processor.TaskProcessor - Creating process 'nwb_units': maxForks=0; fair=false; array=0
Apr-24 12:50:48.025 [main] DEBUG nextflow.Session - Workflow process names [dsl2]: nwb_ecephys, visualization, results_collector, postprocessing, preprocessing, spikesort_lupin, spikesort_kilosort25, job_dispatch, spikesort_spykingcircus2, spikesort_kilosort4, curation, quality_control_collector, quality_control, nwb_units
Apr-24 12:50:48.037 [main] WARN  nextflow.Session - There's no process matching config selector: nwb_subject
Apr-24 12:50:48.056 [main] DEBUG nextflow.Session - Igniting dataflow network (12)
Apr-24 12:50:48.062 [main] DEBUG nextflow.processor.TaskProcessor - Starting process > job_dispatch
Apr-24 12:50:48.062 [main] DEBUG nextflow.processor.TaskProcessor - Starting process > preprocessing
Apr-24 12:50:48.062 [main] DEBUG nextflow.processor.TaskProcessor - Starting process > spikesort_kilosort4
Apr-24 12:50:48.062 [main] DEBUG nextflow.processor.TaskProcessor - Starting process > postprocessing
Apr-24 12:50:48.062 [main] DEBUG nextflow.processor.TaskProcessor - Starting process > curation
Apr-24 12:50:48.073 [main] DEBUG nextflow.processor.TaskProcessor - Starting process > visualization
Apr-24 12:50:48.073 [main] DEBUG nextflow.processor.TaskProcessor - Starting process > results_collector
Apr-24 12:50:48.073 [main] DEBUG nextflow.processor.TaskProcessor - Starting process > quality_control
Apr-24 12:50:48.073 [main] DEBUG nextflow.processor.TaskProcessor - Starting process > quality_control_collector
Apr-24 12:50:48.073 [main] DEBUG nextflow.processor.TaskProcessor - Starting process > nwb_ecephys
Apr-24 12:50:48.074 [main] DEBUG nextflow.processor.TaskProcessor - Starting process > nwb_units
Apr-24 12:50:48.075 [main] DEBUG nextflow.script.ScriptRunner - Parsed script files:
  Script_ca4cfbc669997bac: /orcd/data/dandi/001/dandi-compute/aind-ephys-pipeline.cody/pipeline/main_multi_backend.nf
Apr-24 12:50:48.075 [main] DEBUG nextflow.script.ScriptRunner - > Awaiting termination 
Apr-24 12:50:48.075 [main] DEBUG nextflow.Session - Session await
Apr-24 12:50:48.188 [Actor Thread 13] DEBUG nextflow.container.SingularityCache - Apptainer found local store for image=docker://ghcr.io/allenneuraldynamics/aind-ephys-pipeline-base:si-0.103.2; path=/orcd/data/dandi/001/dandi-compute/work/apptainer_cache/ghcr.io-allenneuraldynamics-aind-ephys-pipeline-base-si-0.103.2.img
Apr-24 12:50:48.422 [Task submitter] DEBUG nextflow.executor.GridTaskHandler - [SLURM] submitted process job_dispatch (job-dispatch) > jobId: 12454921; workDir: /orcd/data/dandi/001/dandi-compute/work/35/f5679194e4d640a6666f4c84ff6e6b
Apr-24 12:50:48.422 [Task submitter] INFO  nextflow.Session - [35/f56791] Submitted process > job_dispatch (job-dispatch)
Apr-24 12:51:57.939 [Task monitor] DEBUG n.processor.TaskPollingMonitor - Task completed > TaskHandler[jobId: 12454921; id: 1; name: job_dispatch (job-dispatch); status: COMPLETED; exit: 0; error: -; workDir: /orcd/data/dandi/001/dandi-compute/work/35/f5679194e4d640a6666f4c84ff6e6b started: 1777049517912; exited: 2026-04-24T16:51:39.275355632Z; ]
Apr-24 12:51:57.940 [Task monitor] DEBUG nextflow.util.ThreadPoolBuilder - Creating thread pool 'TaskFinalizer' minSize=10; maxSize=10; workQueue=LinkedBlockingQueue[-1]; allowCoreThreadTimeout=false
Apr-24 12:51:58.028 [Actor Thread 20] DEBUG nextflow.container.SingularityCache - Apptainer found local store for image=docker://ghcr.io/allenneuraldynamics/aind-ephys-pipeline-nwb:si-0.103.2; path=/orcd/data/dandi/001/dandi-compute/work/apptainer_cache/ghcr.io-allenneuraldynamics-aind-ephys-pipeline-nwb-si-0.103.2.img
Apr-24 12:51:58.301 [Task submitter] DEBUG nextflow.executor.GridTaskHandler - [SLURM] submitted process preprocessing (preprocessing) > jobId: 12454937; workDir: /orcd/data/dandi/001/dandi-compute/work/98/cb1b228e217acec7d21d6369d68265
Apr-24 12:51:58.302 [Task submitter] INFO  nextflow.Session - [98/cb1b22] Submitted process > preprocessing (preprocessing)
Apr-24 12:51:58.430 [Task submitter] DEBUG nextflow.executor.GridTaskHandler - [SLURM] submitted process nwb_ecephys (nwb-ecephys) > jobId: 12454938; workDir: /orcd/data/dandi/001/dandi-compute/work/9e/a89cf150bd38843bfda0d424fe6dce
Apr-24 12:51:58.431 [Task submitter] INFO  nextflow.Session - [9e/a89cf1] Submitted process > nwb_ecephys (nwb-ecephys)
Apr-24 12:53:07.851 [Task monitor] DEBUG n.processor.TaskPollingMonitor - Task completed > TaskHandler[jobId: 12454938; id: 3; name: nwb_ecephys (nwb-ecephys); status: COMPLETED; exit: 0; error: -; workDir: /orcd/data/dandi/001/dandi-compute/work/9e/a89cf150bd38843bfda0d424fe6dce started: 1777049552849; exited: 2026-04-24T16:52:49.605792683Z; ]
Apr-24 12:54:02.853 [Task monitor] DEBUG n.processor.TaskPollingMonitor - Task completed > TaskHandler[jobId: 12454937; id: 2; name: preprocessing (preprocessing); status: COMPLETED; exit: 0; error: -; workDir: /orcd/data/dandi/001/dandi-compute/work/98/cb1b228e217acec7d21d6369d68265 started: 1777049552847; exited: 2026-04-24T16:53:19.632979282Z; ]
Apr-24 12:54:02.867 [Actor Thread 20] DEBUG nextflow.container.SingularityCache - Apptainer found local store for image=docker://ghcr.io/allenneuraldynamics/aind-ephys-spikesort-kilosort4:si-0.103.2; path=/orcd/data/dandi/001/dandi-compute/work/apptainer_cache/ghcr.io-allenneuraldynamics-aind-ephys-spikesort-kilosort4-si-0.103.2.img
Apr-24 12:54:03.007 [Task submitter] DEBUG nextflow.executor.GridTaskHandler - [SLURM] submitted process spikesort_kilosort4 (spikesort-kilosort4) > jobId: 12454974; workDir: /orcd/data/dandi/001/dandi-compute/work/36/10a0f6c2367db1adae6eb432433f3a
Apr-24 12:54:03.008 [Task submitter] INFO  nextflow.Session - [36/10a0f6] Submitted process > spikesort_kilosort4 (spikesort-kilosort4)
Apr-24 12:55:52.855 [Task monitor] DEBUG n.processor.TaskPollingMonitor - !! executor slurm > tasks to be completed: 1 -- submitted tasks are shown below
~> TaskHandler[jobId: 12454974; id: 4; name: spikesort_kilosort4 (spikesort-kilosort4); status: RUNNING; exit: -; error: -; workDir: /orcd/data/dandi/001/dandi-compute/work/36/10a0f6c2367db1adae6eb432433f3a started: 1777049737853; exited: -; ]
Apr-24 12:57:07.859 [Task monitor] DEBUG n.processor.TaskPollingMonitor - Task completed > TaskHandler[jobId: 12454974; id: 4; name: spikesort_kilosort4 (spikesort-kilosort4); status: COMPLETED; exit: 0; error: -; workDir: /orcd/data/dandi/001/dandi-compute/work/36/10a0f6c2367db1adae6eb432433f3a started: 1777049737853; exited: 2026-04-24T16:57:06.251410072Z; ]
Apr-24 12:57:08.027 [Task submitter] DEBUG nextflow.executor.GridTaskHandler - [SLURM] submitted process postprocessing (postprocessing) > jobId: 12455028; workDir: /orcd/data/dandi/001/dandi-compute/work/e7/23bb73fc6f9c24dc10020dbdf456c2
Apr-24 12:57:08.027 [Task submitter] INFO  nextflow.Session - [e7/23bb73] Submitted process > postprocessing (postprocessing)
Apr-24 12:59:22.862 [Task monitor] DEBUG n.processor.TaskPollingMonitor - Task completed > TaskHandler[jobId: 12455028; id: 5; name: postprocessing (postprocessing); status: COMPLETED; exit: 0; error: -; workDir: /orcd/data/dandi/001/dandi-compute/work/e7/23bb73fc6f9c24dc10020dbdf456c2 started: 1777049927861; exited: 2026-04-24T16:59:16.493280511Z; ]
Apr-24 12:59:22.985 [Task submitter] DEBUG nextflow.executor.GridTaskHandler - [SLURM] submitted process curation (curation) > jobId: 12455095; workDir: /orcd/data/dandi/001/dandi-compute/work/e4/5210bf3f9fe6579eac394d5a9b655e
Apr-24 12:59:22.985 [Task submitter] INFO  nextflow.Session - [e4/5210bf] Submitted process > curation (curation)
Apr-24 13:00:52.864 [Task monitor] DEBUG n.processor.TaskPollingMonitor - !! executor slurm > tasks to be completed: 1 -- submitted tasks are shown below
~> TaskHandler[jobId: 12455095; id: 6; name: curation (curation); status: SUBMITTED; exit: -; error: -; workDir: /orcd/data/dandi/001/dandi-compute/work/e4/5210bf3f9fe6579eac394d5a9b655e started: -; exited: -; ]
Apr-24 13:01:57.869 [Task monitor] DEBUG n.processor.TaskPollingMonitor - Task completed > TaskHandler[jobId: 12455095; id: 6; name: curation (curation); status: COMPLETED; exit: 0; error: -; workDir: /orcd/data/dandi/001/dandi-compute/work/e4/5210bf3f9fe6579eac394d5a9b655e started: 1777050117867; exited: 2026-04-24T17:01:54.850338845Z; ]
Apr-24 13:01:57.994 [Task submitter] DEBUG nextflow.executor.GridTaskHandler - [SLURM] submitted process visualization (visualization) > jobId: 12455494; workDir: /orcd/data/dandi/001/dandi-compute/work/82/0e306136b91d93c085e0d35eb31304
Apr-24 13:01:57.995 [Task submitter] INFO  nextflow.Session - [82/0e3061] Submitted process > visualization (visualization)
Apr-24 13:05:17.941 [Task monitor] DEBUG n.processor.TaskPollingMonitor - Task completed > TaskHandler[jobId: 12455494; id: 7; name: visualization (visualization); status: COMPLETED; exit: 0; error: -; workDir: /orcd/data/dandi/001/dandi-compute/work/82/0e306136b91d93c085e0d35eb31304 started: 1777050317939; exited: 2026-04-24T17:05:15.503590699Z; ]
Apr-24 13:05:18.171 [Task submitter] DEBUG nextflow.executor.GridTaskHandler - [SLURM] submitted process results_collector (result-collector) > jobId: 12455578; workDir: /orcd/data/dandi/001/dandi-compute/work/1f/e16b824a9073678b725e1e300a4f05
Apr-24 13:05:18.171 [Task submitter] INFO  nextflow.Session - [1f/e16b82] Submitted process > results_collector (result-collector)
Apr-24 13:05:52.872 [Task monitor] DEBUG n.processor.TaskPollingMonitor - !! executor slurm > tasks to be completed: 1 -- submitted tasks are shown below
~> TaskHandler[jobId: 12455578; id: 8; name: results_collector (result-collector); status: SUBMITTED; exit: -; error: -; workDir: /orcd/data/dandi/001/dandi-compute/work/1f/e16b824a9073678b725e1e300a4f05 started: -; exited: -; ]
Apr-24 13:08:52.878 [Task monitor] DEBUG n.processor.TaskPollingMonitor - Task completed > TaskHandler[jobId: 12455578; id: 8; name: results_collector (result-collector); status: COMPLETED; exit: 0; error: -; workDir: /orcd/data/dandi/001/dandi-compute/work/1f/e16b824a9073678b725e1e300a4f05 started: 1777050497945; exited: 2026-04-24T17:08:04.101638781Z; ]
Apr-24 13:08:52.969 [TaskFinalizer-8] DEBUG nextflow.util.ThreadPoolBuilder - Creating thread pool 'PublishDir' minSize=10; maxSize=10; workQueue=LinkedBlockingQueue[-1]; allowCoreThreadTimeout=false
Apr-24 13:08:53.091 [Task submitter] DEBUG nextflow.executor.GridTaskHandler - [SLURM] submitted process nwb_units (nwb-units) > jobId: 12455641; workDir: /orcd/data/dandi/001/dandi-compute/work/a8/8407bf1e7fe64374ecda6c0000b1c5
Apr-24 13:08:53.091 [Task submitter] INFO  nextflow.Session - [a8/8407bf] Submitted process > nwb_units (nwb-units)
Apr-24 13:08:53.176 [Task submitter] DEBUG nextflow.executor.GridTaskHandler - [SLURM] submitted process quality_control (quality-control) > jobId: 12455642; workDir: /orcd/data/dandi/001/dandi-compute/work/78/ad4db04acba1aa706ca3d52193abe5
Apr-24 13:08:53.176 [Task submitter] INFO  nextflow.Session - [78/ad4db0] Submitted process > quality_control (quality-control)
Apr-24 13:10:52.880 [Task monitor] DEBUG n.processor.TaskPollingMonitor - !! executor slurm > tasks to be completed: 2 -- submitted tasks are shown below
~> TaskHandler[jobId: 12455641; id: 10; name: nwb_units (nwb-units); status: SUBMITTED; exit: -; error: -; workDir: /orcd/data/dandi/001/dandi-compute/work/a8/8407bf1e7fe64374ecda6c0000b1c5 started: -; exited: -; ]
~> TaskHandler[jobId: 12455642; id: 9; name: quality_control (quality-control); status: SUBMITTED; exit: -; error: -; workDir: /orcd/data/dandi/001/dandi-compute/work/78/ad4db04acba1aa706ca3d52193abe5 started: -; exited: -; ]
Apr-24 13:11:27.883 [Task monitor] DEBUG n.processor.TaskPollingMonitor - Task completed > TaskHandler[jobId: 12455641; id: 10; name: nwb_units (nwb-units); status: COMPLETED; exit: 0; error: -; workDir: /orcd/data/dandi/001/dandi-compute/work/a8/8407bf1e7fe64374ecda6c0000b1c5 started: 1777050677947; exited: 2026-04-24T17:11:13.122813825Z; ]
Apr-24 13:11:27.885 [Task monitor] DEBUG n.processor.TaskPollingMonitor - Task completed > TaskHandler[jobId: 12455642; id: 9; name: quality_control (quality-control); status: COMPLETED; exit: 0; error: -; workDir: /orcd/data/dandi/001/dandi-compute/work/78/ad4db04acba1aa706ca3d52193abe5 started: 1777050677948; exited: 2026-04-24T17:11:16.269833388Z; ]
Apr-24 13:11:28.040 [Task submitter] DEBUG nextflow.executor.GridTaskHandler - [SLURM] submitted process quality_control_collector (qc-collector) > jobId: 12455752; workDir: /orcd/data/dandi/001/dandi-compute/work/ec/7624be96cab8649c65e58e455375b7
Apr-24 13:11:28.041 [Task submitter] INFO  nextflow.Session - [ec/7624be] Submitted process > quality_control_collector (qc-collector)
Apr-24 13:14:27.954 [Task monitor] DEBUG n.processor.TaskPollingMonitor - Task completed > TaskHandler[jobId: 12455752; id: 11; name: quality_control_collector (qc-collector); status: COMPLETED; exit: 0; error: -; workDir: /orcd/data/dandi/001/dandi-compute/work/ec/7624be96cab8649c65e58e455375b7 started: 1777050867952; exited: 2026-04-24T17:14:15.155945424Z; ]
Apr-24 13:14:27.961 [main] DEBUG nextflow.Session - Session await > all processes finished
Apr-24 13:14:32.883 [Task monitor] DEBUG n.processor.TaskPollingMonitor - <<< barrier arrives (monitor: slurm) - terminating tasks monitor poll loop
Apr-24 13:14:32.883 [main] DEBUG nextflow.Session - Session await > all barriers passed
Apr-24 13:14:32.887 [main] DEBUG nextflow.util.ThreadPoolManager - Thread pool 'TaskFinalizer' shutdown completed (hard=false)
Apr-24 13:14:32.888 [main] DEBUG nextflow.util.ThreadPoolManager - Thread pool 'PublishDir' shutdown completed (hard=false)
Apr-24 13:14:32.894 [main] DEBUG n.trace.WorkflowStatsObserver - Workflow completed > WorkflowStats[succeededCount=11; failedCount=0; ignoredCount=0; cachedCount=0; pendingCount=0; submittedCount=0; runningCount=0; retriesCount=0; abortedCount=0; succeedDuration=1h 24m 13s; failedDuration=0ms; cachedDuration=0ms;loadCpus=0; loadMemory=0; peakRunning=2; peakCpus=48; peakMemory=320 GB; ]
Apr-24 13:14:33.083 [main] DEBUG nextflow.trace.ReportObserver - Workflow completed -- rendering execution report
Apr-24 13:14:33.618 [main] DEBUG nextflow.trace.TimelineObserver - Workflow completed -- rendering execution timeline
Apr-24 13:14:33.682 [main] DEBUG nextflow.trace.TraceFileObserver - Workflow completed -- saving trace file
Apr-24 13:14:33.707 [main] DEBUG nextflow.cache.CacheDB - Closing CacheDB done
Apr-24 13:14:33.735 [main] DEBUG nextflow.util.ThreadPoolManager - Thread pool 'FileTransfer' shutdown completed (hard=false)
Apr-24 13:14:33.736 [main] DEBUG nextflow.script.ScriptRunner - > Execution complete -- Goodbye
