May-01 02:15:18.603 [main] DEBUG nextflow.cli.Launcher - $> nextflow -C /orcd/data/dandi/001/dandi-compute/processing/tmp_0utk144/001697/derivatives/dandiset-000363/sub-480134/ses-20210107T120825/pipeline-aind+ephys/version-v1.1.1+b268fd2/params-98fd947_config-6568dda_attempt-1/code/mit_engaging.config -log /orcd/data/dandi/001/dandi-compute/processing/tmp_0utk144/001697/derivatives/dandiset-000363/sub-480134/ses-20210107T120825/pipeline-aind+ephys/version-v1.1.1+b268fd2/params-98fd947_config-6568dda_attempt-1/logs/nextflow.log run /orcd/data/dandi/001/dandi-compute/aind-ephys-pipeline.cody/pipeline/main_multi_backend.nf -work-dir /orcd/data/dandi/001/dandi-compute/work --params_file /orcd/data/dandi/001/dandi-compute/processing/tmp_0utk144/001697/derivatives/dandiset-000363/sub-480134/ses-20210107T120825/pipeline-aind+ephys/version-v1.1.1+b268fd2/params-98fd947_config-6568dda_attempt-1/code/default.json --job_dispatch_args '--nwb-files /orcd/data/dandi/001/s3dandiarchive/blobs/003/4e7/0034e7b5-684c-4876-bd6c-7744040fe5e9'
May-01 02:15:29.388 [main] DEBUG nextflow.cli.CmdRun - N E X T F L O W  ~  version 25.10.2
May-01 02:15:36.965 [main] DEBUG nextflow.plugin.PluginsFacade - Setting up plugin manager > mode=prod; embedded=false; plugins-dir=/home/cb239/.nextflow/plugins; core-plugins: nf-amazon@3.4.2,nf-azure@1.20.2,nf-cloudcache@0.5.0,nf-codecommit@0.5.0,nf-console@1.3.0,nf-google@1.23.3,nf-k8s@1.2.2,nf-tower@1.17.3,nf-wave@1.16.1
May-01 02:15:37.148 [main] INFO  o.pf4j.DefaultPluginStatusProvider - Enabled plugins: []
May-01 02:15:37.149 [main] INFO  o.pf4j.DefaultPluginStatusProvider - Disabled plugins: []
May-01 02:15:37.151 [main] INFO  org.pf4j.DefaultPluginManager - PF4J version 3.12.0 in 'deployment' mode
May-01 02:15:40.904 [main] DEBUG nextflow.util.RetryConfig - Missing nextflow session - using default retry config
May-01 02:15:58.337 [main] INFO  org.pf4j.AbstractPluginManager - No plugins
May-01 02:16:01.916 [main] DEBUG nextflow.config.ConfigBuilder - Parsing config file: /orcd/data/dandi/001/dandi-compute/processing/tmp_0utk144/001697/derivatives/dandiset-000363/sub-480134/ses-20210107T120825/pipeline-aind+ephys/version-v1.1.1+b268fd2/params-98fd947_config-6568dda_attempt-1/code/mit_engaging.config
May-01 02:16:02.664 [main] DEBUG nextflow.config.ConfigBuilder - Applying config profile: `standard`
May-01 02:16:09.636 [main] DEBUG nextflow.plugin.PluginsFacade - Plugins default=[]
May-01 02:16:09.636 [main] DEBUG nextflow.plugin.PluginsFacade - Plugins resolved requirement=[]
May-01 02:16:09.760 [main] DEBUG n.secret.LocalSecretsProvider - Secrets store: /home/cb239/.nextflow/secrets/store.json
May-01 02:16:09.763 [main] DEBUG nextflow.secret.SecretsLoader - Discovered secrets providers: [nextflow.secret.LocalSecretsProvider@4a3bd45b] - activable => nextflow.secret.LocalSecretsProvider@4a3bd45b
May-01 02:16:09.778 [main] DEBUG nextflow.cli.CmdRun - Applied DSL=2 from script declaration
May-01 02:16:10.767 [main] DEBUG nextflow.cli.CmdRun - Launching `/orcd/data/dandi/001/dandi-compute/aind-ephys-pipeline.cody/pipeline/main_multi_backend.nf` [big_kirch] DSL2 - revision: 9b4b4a2d88
May-01 02:16:16.802 [main] DEBUG nextflow.Session - Session UUID: ea2b9824-ea64-4eb4-991d-d34ca8bebee1
May-01 02:16:16.803 [main] DEBUG nextflow.Session - Run name: big_kirch
May-01 02:16:16.803 [main] DEBUG nextflow.Session - Executor pool size: 2
May-01 02:16:17.119 [main] DEBUG nextflow.file.FilePorter - File porter settings maxRetries=3; maxTransfers=50; pollTimeout=null
May-01 02:16:17.124 [main] DEBUG nextflow.util.ThreadPoolBuilder - Creating thread pool 'FileTransfer' minSize=10; maxSize=10; workQueue=LinkedBlockingQueue[-1]; allowCoreThreadTimeout=false
May-01 02:16:24.183 [main] DEBUG nextflow.cli.CmdRun - 
  Version: 25.10.2 build 10555
  Created: 28-11-2025 19:24 UTC (14:24 EDT)
  System: Linux 4.18.0-553.83.1.el8_10.x86_64
  Runtime: Groovy 4.0.28 on OpenJDK 64-Bit Server VM 23.0.2-internal-adhoc.conda.src
  Encoding: UTF-8 (UTF-8)
  Process: 2867794@node2705 [10.1.27.5]
  CPUs: 2 - Mem: 1 GB (785.8 MB) - Swap: 4 GB (3.1 GB)
May-01 02:16:27.008 [main] DEBUG nextflow.Session - Work-dir: /orcd/data/dandi/001/dandi-compute/work [nfs]
May-01 02:16:27.009 [main] DEBUG nextflow.Session - Script base path does not exist or is not a directory: /orcd/data/dandi/001/dandi-compute/aind-ephys-pipeline.cody/pipeline/bin
May-01 02:16:27.320 [main] DEBUG nextflow.executor.ExecutorFactory - Extension executors providers=[]
May-01 02:16:27.618 [main] DEBUG nextflow.Session - Observer factory (v2): LinObserverFactory
May-01 02:16:27.621 [main] DEBUG nextflow.Session - Observer factory (v2): DefaultObserverFactory
May-01 02:16:27.670 [main] DEBUG nextflow.cache.CacheFactory - Using Nextflow cache factory: nextflow.cache.DefaultCacheFactory
May-01 02:16:28.520 [main] DEBUG nextflow.util.CustomThreadPool - Creating default thread pool > poolSize: 3; maxThreads: 1000
May-01 02:16:34.890 [main] DEBUG nextflow.Session - Session start
May-01 02:16:35.189 [main] DEBUG nextflow.trace.TraceFileObserver - Workflow started -- trace file: /orcd/data/dandi/001/dandi-compute/processing/tmp_0utk144/001697/derivatives/dandiset-000363/sub-480134/ses-20210107T120825/pipeline-aind+ephys/version-v1.1.1+b268fd2/params-98fd947_config-6568dda_attempt-1/intermediate/nextflow/trace.txt
May-01 02:16:40.853 [main] DEBUG nextflow.script.ScriptRunner - > Launching execution
May-01 02:16:40.857 [main] INFO  nextflow.script.BaseScript - DATA_PATH: /orcd/data/dandi/001/s3dandiarchive/blobs/003/4e7
May-01 02:16:40.857 [main] INFO  nextflow.script.BaseScript - RESULTS_PATH: /orcd/data/dandi/001/dandi-compute/processing/tmp_0utk144/001697/derivatives/dandiset-000363/sub-480134/ses-20210107T120825/pipeline-aind+ephys/version-v1.1.1+b268fd2/params-98fd947_config-6568dda_attempt-1/intermediate
May-01 02:16:41.094 [main] INFO  nextflow.script.BaseScript - Loaded parameters from /orcd/data/dandi/001/dandi-compute/processing/tmp_0utk144/001697/derivatives/dandiset-000363/sub-480134/ses-20210107T120825/pipeline-aind+ephys/version-v1.1.1+b268fd2/params-98fd947_config-6568dda_attempt-1/code/default.json
May-01 02:16:41.095 [main] INFO  nextflow.script.BaseScript - PARAMS: [params_file:/orcd/data/dandi/001/dandi-compute/processing/tmp_0utk144/001697/derivatives/dandiset-000363/sub-480134/ses-20210107T120825/pipeline-aind+ephys/version-v1.1.1+b268fd2/params-98fd947_config-6568dda_attempt-1/code/default.json, job_dispatch_args:--nwb-files /orcd/data/dandi/001/s3dandiarchive/blobs/003/4e7/0034e7b5-684c-4876-bd6c-7744040fe5e9, executor:slurm, default_queue:mit_normal, gpu_queue:mit_normal_gpu, max_normal_runtime_in_minutes:720m, max_gpu_runtime_in_minutes:360m, ecephys_path:/orcd/data/dandi/001/s3dandiarchive/blobs/003/4e7, git_repo_prefix:https://github.com/AllenNeuralDynamics/aind-]
May-01 02:16:41.124 [main] INFO  nextflow.script.BaseScript - Using custom capsule versions file at: /orcd/data/dandi/001/dandi-compute/aind-ephys-pipeline.cody/pipeline/capsule_versions.env
May-01 02:16:41.155 [main] INFO  nextflow.script.BaseScript - CONTAINER TAG: si-0.103.2
May-01 02:16:41.155 [main] INFO  nextflow.script.BaseScript - No extra installs specified.
May-01 02:16:41.157 [main] INFO  nextflow.script.BaseScript - Using RUNMODE: full
May-01 02:16:41.157 [main] INFO  nextflow.script.BaseScript - Using parameters from JSON file: /orcd/data/dandi/001/dandi-compute/processing/tmp_0utk144/001697/derivatives/dandiset-000363/sub-480134/ses-20210107T120825/pipeline-aind+ephys/version-v1.1.1+b268fd2/params-98fd947_config-6568dda_attempt-1/code/default.json
May-01 02:16:41.159 [main] INFO  nextflow.script.BaseScript - Merging job_dispatch_args from JSON with CLI args: --nwb-files /orcd/data/dandi/001/s3dandiarchive/blobs/003/4e7/0034e7b5-684c-4876-bd6c-7744040fe5e9
May-01 02:16:41.211 [main] INFO  nextflow.script.BaseScript - No sorter specified, defaulting to kilosort4
May-01 02:16:41.212 [main] INFO  nextflow.script.BaseScript - Using SORTER: kilosort4 with args: --params '{"job_kwargs":{"chunk_duration":"1s","progress_bar":false},"skip_motion_correction":false,"min_drift_channels":96,"raise_if_fails":true,"clear_cache":false,"sorter":{"batch_size":60000,"nblocks":5,"Th_universal":9,"Th_learned":8,"do_CAR":true,"invert_sign":false,"nt":61,"shift":null,"scale":null,"artifact_threshold":null,"nskip":25,"whitening_range":32,"highpass_cutoff":300,"binning_depth":5,"sig_interp":20,"drift_smoothing":[0.5,0.5,0.5],"nt0min":null,"dmin":null,"dminx":32,"min_template_size":10,"template_sizes":5,"nearest_chans":10,"nearest_templates":100,"max_channel_distance":null,"templates_from_data":true,"n_templates":6,"n_pcs":6,"Th_single_ch":6,"acg_threshold":0.2,"ccg_threshold":0.25,"cluster_downsampling":20,"x_centers":null,"duplicate_spike_ms":0.25,"save_preprocessed_copy":false,"torch_device":"auto","bad_channels":null,"clear_cache":false,"save_extra_vars":false,"do_correction":true,"keep_good_only":false,"skip_kilosort_preprocessing":false,"use_binary_file":null,"delete_recording_dat":true}}'
May-01 02:16:41.881 [main] DEBUG n.script.dsl.ProcessConfigBuilder - Config settings `withName:job_dispatch` matches process job_dispatch
May-01 02:16:41.888 [main] DEBUG nextflow.executor.ExecutorFactory - << taskConfig executor: slurm
May-01 02:16:41.888 [main] DEBUG nextflow.executor.ExecutorFactory - >> processorType: 'slurm'
May-01 02:16:41.900 [main] DEBUG nextflow.executor.Executor - [warm up] executor > slurm
May-01 02:16:41.926 [main] DEBUG n.processor.TaskPollingMonitor - Creating task monitor for executor 'slurm' > capacity: 100; pollInterval: 5s; dumpInterval: 5m 
May-01 02:16:41.929 [main] DEBUG n.processor.TaskPollingMonitor - >>> barrier register (monitor: slurm)
May-01 02:16:41.932 [main] DEBUG n.executor.AbstractGridExecutor - Creating executor 'slurm' > queue-stat-interval: 1m
May-01 02:16:41.950 [main] DEBUG nextflow.processor.TaskProcessor - Creating process 'job_dispatch': maxForks=0; fair=false; array=0
May-01 02:16:42.182 [main] DEBUG n.script.dsl.ProcessConfigBuilder - Config settings `withName:preprocessing` matches process preprocessing
May-01 02:16:42.184 [main] DEBUG nextflow.executor.ExecutorFactory - << taskConfig executor: slurm
May-01 02:16:42.184 [main] DEBUG nextflow.executor.ExecutorFactory - >> processorType: 'slurm'
May-01 02:16:42.184 [main] DEBUG nextflow.processor.TaskProcessor - Creating process 'preprocessing': maxForks=0; fair=false; array=0
May-01 02:16:42.192 [main] DEBUG n.script.dsl.ProcessConfigBuilder - Config settings `withName:spikesort_kilosort4` matches process spikesort_kilosort4
May-01 02:16:42.193 [main] DEBUG nextflow.executor.ExecutorFactory - << taskConfig executor: slurm
May-01 02:16:42.193 [main] DEBUG nextflow.executor.ExecutorFactory - >> processorType: 'slurm'
May-01 02:16:42.193 [main] DEBUG nextflow.processor.TaskProcessor - Creating process 'spikesort_kilosort4': maxForks=0; fair=false; array=0
May-01 02:16:42.199 [main] DEBUG n.script.dsl.ProcessConfigBuilder - Config settings `withName:postprocessing` matches process postprocessing
May-01 02:16:42.201 [main] DEBUG nextflow.executor.ExecutorFactory - << taskConfig executor: slurm
May-01 02:16:42.201 [main] DEBUG nextflow.executor.ExecutorFactory - >> processorType: 'slurm'
May-01 02:16:42.201 [main] DEBUG nextflow.processor.TaskProcessor - Creating process 'postprocessing': maxForks=0; fair=false; array=0
May-01 02:16:42.204 [main] DEBUG n.script.dsl.ProcessConfigBuilder - Config settings `withName:curation` matches process curation
May-01 02:16:42.205 [main] DEBUG nextflow.executor.ExecutorFactory - << taskConfig executor: slurm
May-01 02:16:42.205 [main] DEBUG nextflow.executor.ExecutorFactory - >> processorType: 'slurm'
May-01 02:16:42.205 [main] DEBUG nextflow.processor.TaskProcessor - Creating process 'curation': maxForks=0; fair=false; array=0
May-01 02:16:42.219 [main] DEBUG n.script.dsl.ProcessConfigBuilder - Config settings `withName:visualization` matches process visualization
May-01 02:16:42.221 [main] DEBUG nextflow.executor.ExecutorFactory - << taskConfig executor: slurm
May-01 02:16:42.221 [main] DEBUG nextflow.executor.ExecutorFactory - >> processorType: 'slurm'
May-01 02:16:42.221 [main] DEBUG nextflow.processor.TaskProcessor - Creating process 'visualization': maxForks=0; fair=false; array=0
May-01 02:16:42.240 [main] DEBUG n.script.dsl.ProcessConfigBuilder - Config settings `withName:results_collector` matches process results_collector
May-01 02:16:42.241 [main] DEBUG nextflow.executor.ExecutorFactory - << taskConfig executor: slurm
May-01 02:16:42.241 [main] DEBUG nextflow.executor.ExecutorFactory - >> processorType: 'slurm'
May-01 02:16:42.242 [main] DEBUG nextflow.processor.TaskProcessor - Creating process 'results_collector': maxForks=0; fair=false; array=0
May-01 02:16:42.250 [main] DEBUG n.script.dsl.ProcessConfigBuilder - Config settings `withName:quality_control` matches process quality_control
May-01 02:16:42.253 [main] DEBUG nextflow.executor.ExecutorFactory - << taskConfig executor: slurm
May-01 02:16:42.253 [main] DEBUG nextflow.executor.ExecutorFactory - >> processorType: 'slurm'
May-01 02:16:42.253 [main] DEBUG nextflow.processor.TaskProcessor - Creating process 'quality_control': maxForks=0; fair=false; array=0
May-01 02:16:42.257 [main] DEBUG n.script.dsl.ProcessConfigBuilder - Config settings `withName:quality_control_collector` matches process quality_control_collector
May-01 02:16:42.258 [main] DEBUG nextflow.executor.ExecutorFactory - << taskConfig executor: slurm
May-01 02:16:42.258 [main] DEBUG nextflow.executor.ExecutorFactory - >> processorType: 'slurm'
May-01 02:16:42.258 [main] DEBUG nextflow.processor.TaskProcessor - Creating process 'quality_control_collector': maxForks=0; fair=false; array=0
May-01 02:16:42.263 [main] DEBUG n.script.dsl.ProcessConfigBuilder - Config settings `withName:nwb_ecephys` matches process nwb_ecephys
May-01 02:16:42.264 [main] DEBUG nextflow.executor.ExecutorFactory - << taskConfig executor: slurm
May-01 02:16:42.264 [main] DEBUG nextflow.executor.ExecutorFactory - >> processorType: 'slurm'
May-01 02:16:42.265 [main] DEBUG nextflow.processor.TaskProcessor - Creating process 'nwb_ecephys': maxForks=0; fair=false; array=0
May-01 02:16:42.272 [main] DEBUG n.script.dsl.ProcessConfigBuilder - Config settings `withName:nwb_units` matches process nwb_units
May-01 02:16:42.273 [main] DEBUG nextflow.executor.ExecutorFactory - << taskConfig executor: slurm
May-01 02:16:42.273 [main] DEBUG nextflow.executor.ExecutorFactory - >> processorType: 'slurm'
May-01 02:16:42.273 [main] DEBUG nextflow.processor.TaskProcessor - Creating process 'nwb_units': maxForks=0; fair=false; array=0
May-01 02:16:42.276 [main] DEBUG nextflow.Session - Workflow process names [dsl2]: nwb_ecephys, visualization, results_collector, postprocessing, preprocessing, spikesort_lupin, spikesort_kilosort25, job_dispatch, spikesort_spykingcircus2, spikesort_kilosort4, curation, quality_control_collector, quality_control, nwb_units
May-01 02:16:42.285 [main] WARN  nextflow.Session - There's no process matching config selector: nwb_subject
May-01 02:16:42.288 [main] DEBUG nextflow.Session - Igniting dataflow network (12)
May-01 02:16:42.305 [main] DEBUG nextflow.processor.TaskProcessor - Starting process > job_dispatch
May-01 02:16:42.305 [main] DEBUG nextflow.processor.TaskProcessor - Starting process > preprocessing
May-01 02:16:42.305 [main] DEBUG nextflow.processor.TaskProcessor - Starting process > spikesort_kilosort4
May-01 02:16:42.305 [main] DEBUG nextflow.processor.TaskProcessor - Starting process > postprocessing
May-01 02:16:42.305 [main] DEBUG nextflow.processor.TaskProcessor - Starting process > curation
May-01 02:16:42.313 [main] DEBUG nextflow.processor.TaskProcessor - Starting process > visualization
May-01 02:16:42.313 [main] DEBUG nextflow.processor.TaskProcessor - Starting process > results_collector
May-01 02:16:42.314 [main] DEBUG nextflow.processor.TaskProcessor - Starting process > quality_control
May-01 02:16:42.315 [main] DEBUG nextflow.processor.TaskProcessor - Starting process > quality_control_collector
May-01 02:16:42.315 [main] DEBUG nextflow.processor.TaskProcessor - Starting process > nwb_ecephys
May-01 02:16:42.316 [main] DEBUG nextflow.processor.TaskProcessor - Starting process > nwb_units
May-01 02:16:42.317 [main] DEBUG nextflow.script.ScriptRunner - Parsed script files:
  Script_ca4cfbc669997bac: /orcd/data/dandi/001/dandi-compute/aind-ephys-pipeline.cody/pipeline/main_multi_backend.nf
May-01 02:16:42.317 [main] DEBUG nextflow.script.ScriptRunner - > Awaiting termination 
May-01 02:16:42.317 [main] DEBUG nextflow.Session - Session await
May-01 02:16:42.487 [Actor Thread 10] DEBUG nextflow.container.SingularityCache - Apptainer found local store for image=docker://ghcr.io/allenneuraldynamics/aind-ephys-pipeline-base:si-0.103.2; path=/orcd/data/dandi/001/dandi-compute/work/apptainer_cache/ghcr.io-allenneuraldynamics-aind-ephys-pipeline-base-si-0.103.2.img
May-01 02:16:42.842 [Task submitter] DEBUG nextflow.executor.GridTaskHandler - [SLURM] submitted process job_dispatch (job-dispatch) > jobId: 12940115; workDir: /orcd/data/dandi/001/dandi-compute/work/e0/c51245e7e4741fadfd87de147956df
May-01 02:16:42.842 [Task submitter] INFO  nextflow.Session - [e0/c51245] Submitted process > job_dispatch (job-dispatch)
May-01 02:19:47.059 [Task monitor] DEBUG n.processor.TaskPollingMonitor - Task completed > TaskHandler[jobId: 12940115; id: 1; name: job_dispatch (job-dispatch); status: COMPLETED; exit: 1; error: -; workDir: /orcd/data/dandi/001/dandi-compute/work/e0/c51245e7e4741fadfd87de147956df started: 1777616272064; exited: 2026-05-01T06:18:48.856683301Z; ]
May-01 02:19:47.060 [Task monitor] DEBUG nextflow.util.ThreadPoolBuilder - Creating thread pool 'TaskFinalizer' minSize=10; maxSize=10; workQueue=LinkedBlockingQueue[-1]; allowCoreThreadTimeout=false
May-01 02:19:47.314 [TaskFinalizer-1] DEBUG nextflow.processor.TaskProcessor - Handling unexpected condition for
  task: name=job_dispatch (job-dispatch); work-dir=/orcd/data/dandi/001/dandi-compute/work/e0/c51245e7e4741fadfd87de147956df
  error [nextflow.exception.ProcessFailedException]: Process `job_dispatch (job-dispatch)` terminated with an error exit status (1)
May-01 02:19:47.392 [TaskFinalizer-1] ERROR nextflow.processor.TaskProcessor - Error executing process > 'job_dispatch (job-dispatch)'

Caused by:
  Process `job_dispatch (job-dispatch)` terminated with an error exit status (1)


Command executed:

  #!/usr/bin/env bash
      set -e
  
      
      
  
      mkdir -p capsule
      mkdir -p capsule/data
      mkdir -p capsule/results
      mkdir -p capsule/scratch
  
      if [[ slurm == "slurm" ]]; then
          echo "[job-dispatch] allocated task time: 12h"
      fi
  
      TASK_DIR=$(pwd)
  
      echo "[job-dispatch] cloning git repo..."
      
  clone_repo() {
      local repo_url="$1"
      local commit_hash="$2"
  
      echo "cloning git repo: ${repo_url} (commit: ${commit_hash})..."
  
      git clone "${repo_url}" capsule-repo
      git -C capsule-repo -c core.fileMode=false checkout "${commit_hash}" --quiet
  
      mv capsule-repo/code capsule/code
      rm -rf capsule-repo
  }
  
      clone_repo "https://github.com/AllenNeuralDynamics/aind-ephys-job-dispatch.git" "bc73404c574d04d456684fd0abad5373a257d4fe"
  
      echo "[job-dispatch] running capsule..."
      cd capsule/code
      chmod +x run
      ./run --params '{"split_segments":true,"split_groups":true,"debug":false,"debug_duration":30,"skip_timestamps_check":false,"multi_session":false,"input":"nwb","nwb_files":"/orcd/data/dandi/001/s3dandiarchive/blobs/003/4e7/0034e7b5-684c-4876-bd6c-7744040fe5e9"}'
  
      MAX_DURATION_MIN=$(python get_max_recording_duration_min.py)
  
      cd $TASK_DIR
      echo "$MAX_DURATION_MIN" > max_duration.txt
  
      echo "[job-dispatch] completed!"

Command exit status:
  1

Command output:
  [job-dispatch] allocated task time: 12h
  [job-dispatch] cloning git repo...
  cloning git repo: https://github.com/AllenNeuralDynamics/aind-ephys-job-dispatch.git (commit: bc73404c574d04d456684fd0abad5373a257d4fe)...
  [job-dispatch] running capsule...
  Running job dispatcher with the following parameters:
  	SPLIT SEGMENTS: True
  	SPLIT GROUPS: True
  	DEBUG: False
  	DEBUG DURATION: 30.0
  	SKIP TIMESTAMPS CHECK: False
  	MULTI SESSION: False
  	INPUT: nwb
  	MIN_RECORDING_DURATION: -1
  Parsing nwb input folder
  nwb_files: [PosixPath('/orcd/data/dandi/001/s3dandiarchive/blobs/003/4e7/0034e7b5-684c-4876-bd6c-7744040fe5e9')]
  Processing NWB file: /orcd/data/dandi/001/s3dandiarchive/blobs/003/4e7/0034e7b5-684c-4876-bd6c-7744040fe5e9
  	Session name: 0034e7b5-684c-4876-bd6c-7744040fe5e9
  	Num. Blocks 1 - Num. streams: 0
  Recording to be processed in parallel:
  Generated 0 job config files

Command error:
  WARNING: While bind mounting '/orcd/data/dandi/001:/orcd/data/dandi/001': destination is already in the mount point list
  Cloning into 'capsule-repo'...
  + python -u run_capsule.py --params '{"split_segments":true,"split_groups":true,"debug":false,"debug_duration":30,"skip_timestamps_check":false,"multi_session":false,"input":"nwb","nwb_files":"/orcd/data/dandi/001/s3dandiarchive/blobs/003/4e7/0034e7b5-684c-4876-bd6c-7744040fe5e9"}'
  Traceback (most recent call last):
    File "capsule/code/get_max_recording_duration_min.py", line 20, in <module>
      max_duration_min = int(np.round(np.max(durations) / 60))
                                      ^^^^^^^^^^^^^^^^^
    File "/opt/conda/lib/python3.11/site-packages/numpy/_core/fromnumeric.py", line 3123, in max
      return _wrapreduction(a, np.maximum, 'max', axis, None, out,
             ^^^^^^^^^^^^^^^^^^^^^^^^^^^^^^^^^^^^^^^^^^^^^^^^^^^^^
    File "/opt/conda/lib/python3.11/site-packages/numpy/_core/fromnumeric.py", line 83, in _wrapreduction
      return ufunc.reduce(obj, axis, dtype, out, **passkwargs)
             ^^^^^^^^^^^^^^^^^^^^^^^^^^^^^^^^^^^^^^^^^^^^^^^^^
  ValueError: zero-size array to reduction operation maximum which has no identity

Work dir:
  /orcd/data/dandi/001/dandi-compute/work/e0/c51245e7e4741fadfd87de147956df

Container:
  /orcd/data/dandi/001/dandi-compute/work/apptainer_cache/ghcr.io-allenneuraldynamics-aind-ephys-pipeline-base-si-0.103.2.img

Tip: you can try to figure out what's wrong by changing to the process work dir and showing the script file named `.command.sh`
May-01 02:19:47.427 [TaskFinalizer-1] DEBUG nextflow.Session - Session aborted -- Cause: Process `job_dispatch (job-dispatch)` terminated with an error exit status (1)
May-01 02:19:47.465 [main] DEBUG nextflow.Session - Session await > all processes finished
May-01 02:19:48.349 [TaskFinalizer-1] DEBUG n.trace.WorkflowStatsObserver - Workflow completed > WorkflowStats[succeededCount=0; failedCount=1; ignoredCount=0; cachedCount=0; pendingCount=0; submittedCount=0; runningCount=0; retriesCount=0; abortedCount=0; succeedDuration=0ms; failedDuration=7m 40s; cachedDuration=0ms;loadCpus=0; loadMemory=0; peakRunning=1; peakCpus=4; peakMemory=16 GB; ]
May-01 02:19:48.776 [TaskFinalizer-1] DEBUG nextflow.trace.ReportObserver - Workflow completed -- rendering execution report
May-01 02:19:51.868 [TaskFinalizer-1] DEBUG nextflow.trace.TimelineObserver - Workflow completed -- rendering execution timeline
May-01 02:19:51.941 [Task monitor] DEBUG n.processor.TaskPollingMonitor - <<< barrier arrives (monitor: slurm) - terminating tasks monitor poll loop
May-01 02:19:51.942 [main] DEBUG nextflow.Session - Session await > all barriers passed
May-01 02:19:52.179 [main] DEBUG n.trace.WorkflowStatsObserver - Workflow completed > WorkflowStats[succeededCount=0; failedCount=1; ignoredCount=0; cachedCount=0; pendingCount=0; submittedCount=0; runningCount=0; retriesCount=0; abortedCount=0; succeedDuration=0ms; failedDuration=7m 40s; cachedDuration=0ms;loadCpus=0; loadMemory=0; peakRunning=1; peakCpus=4; peakMemory=16 GB; ]
May-01 02:19:52.238 [main] DEBUG nextflow.trace.ReportObserver - Workflow completed -- rendering execution report
May-01 02:19:52.255 [TaskFinalizer-1] DEBUG nextflow.trace.TraceFileObserver - Workflow completed -- saving trace file
May-01 02:19:52.255 [TaskFinalizer-1] DEBUG nextflow.Session - null
java.lang.InterruptedException: null
	at groovyx.gpars.dataflow.expression.DataflowExpression.handleInterruption(DataflowExpression.java:325)
	at groovyx.gpars.dataflow.expression.DataflowExpression.getVal(DataflowExpression.java:262)
	at groovyx.gpars.agent.AgentBase.sendAndWait(AgentBase.java:217)
	at groovyx.gpars.agent.AgentBase.await(AgentBase.java:227)
	at nextflow.trace.TraceFileObserver.onFlowComplete(TraceFileObserver.groovy:189)
	at nextflow.Session$_notifyFlowComplete_lambda39.doCall(Session.groovy:1121)
	at nextflow.Session.notifyEvent(Session.groovy:1151)
	at nextflow.Session.notifyFlowComplete(Session.groovy:1121)
	at nextflow.Session.shutdown0(Session.groovy:779)
	at nextflow.Session.abort(Session.groovy:834)
	at nextflow.Session.fault(Session.groovy:796)
	at nextflow.processor.TaskPollingMonitor.finalizeTask(TaskPollingMonitor.groovy:753)
	at nextflow.processor.TaskPollingMonitor.safeFinalizeTask(TaskPollingMonitor.groovy:736)
	at java.base/jdk.internal.reflect.DirectMethodHandleAccessor.invoke(DirectMethodHandleAccessor.java:103)
	at java.base/java.lang.reflect.Method.invoke(Method.java:580)
	at org.codehaus.groovy.reflection.CachedMethod.invoke(CachedMethod.java:343)
	at groovy.lang.MetaMethod.doMethodInvoke(MetaMethod.java:328)
	at groovy.lang.MetaClassImpl.doInvokeMethod(MetaClassImpl.java:1339)
	at groovy.lang.MetaClassImpl.invokeMethod(MetaClassImpl.java:1094)
	at groovy.lang.MetaClassImpl.invokeMethod(MetaClassImpl.java:1007)
	at org.codehaus.groovy.runtime.InvokerHelper.invokePogoMethod(InvokerHelper.java:645)
	at org.codehaus.groovy.runtime.InvokerHelper.invokeMethod(InvokerHelper.java:628)
	at org.codehaus.groovy.runtime.InvokerHelper.invokeMethodSafe(InvokerHelper.java:82)
	at nextflow.processor.TaskPollingMonitor$_checkTaskStatus_lambda8.doCall(TaskPollingMonitor.groovy:726)
	at java.base/java.util.concurrent.Executors$RunnableAdapter.call(Executors.java:572)
	at java.base/java.util.concurrent.FutureTask.run(FutureTask.java:317)
	at java.base/java.util.concurrent.ThreadPoolExecutor.runWorker(ThreadPoolExecutor.java:1144)
	at java.base/java.util.concurrent.ThreadPoolExecutor$Worker.run(ThreadPoolExecutor.java:642)
	at java.base/java.lang.Thread.run(Thread.java:1575)
May-01 02:19:52.259 [TaskFinalizer-1] WARN  nextflow.util.SimpleAgent - Got an interrupted exception while taking agent result | java.lang.InterruptedException
May-01 02:19:52.556 [main] DEBUG nextflow.trace.TimelineObserver - Workflow completed -- rendering execution timeline
May-01 02:19:52.591 [main] DEBUG nextflow.trace.TraceFileObserver - Workflow completed -- saving trace file
May-01 02:19:52.877 [main] DEBUG nextflow.cache.CacheDB - Closing CacheDB done
May-01 02:19:52.913 [main] DEBUG nextflow.script.ScriptRunner - > Execution complete -- Goodbye
