Apr-24 13:45:40.419 [main] DEBUG nextflow.cli.Launcher - $> nextflow -C /orcd/data/dandi/001/dandi-compute/processing/tmpk02kim7f/001697/derivatives/dandiset-001747/sub-chip19894/ses-recording049/pipeline-aind+ephys/version-v1.1.1+b268fd2/params-98fd947_config-6568dda_attempt-1/code/mit_engaging.config -log /orcd/data/dandi/001/dandi-compute/processing/tmpk02kim7f/001697/derivatives/dandiset-001747/sub-chip19894/ses-recording049/pipeline-aind+ephys/version-v1.1.1+b268fd2/params-98fd947_config-6568dda_attempt-1/logs/nextflow.log run /orcd/data/dandi/001/dandi-compute/aind-ephys-pipeline.cody/pipeline/main_multi_backend.nf -work-dir /orcd/data/dandi/001/dandi-compute/work --params_file /orcd/data/dandi/001/dandi-compute/processing/tmpk02kim7f/001697/derivatives/dandiset-001747/sub-chip19894/ses-recording049/pipeline-aind+ephys/version-v1.1.1+b268fd2/params-98fd947_config-6568dda_attempt-1/code/default.json --job_dispatch_args '--nwb-files /orcd/data/dandi/001/s3dandiarchive/blobs/001/911/00191182-4939-4c60-bc8c-e45b82e83048'
Apr-24 13:45:40.759 [main] DEBUG nextflow.cli.CmdRun - N E X T F L O W  ~  version 25.10.2
Apr-24 13:45:41.084 [main] DEBUG nextflow.plugin.PluginsFacade - Setting up plugin manager > mode=prod; embedded=false; plugins-dir=/home/cb239/.nextflow/plugins; core-plugins: nf-amazon@3.4.2,nf-azure@1.20.2,nf-cloudcache@0.5.0,nf-codecommit@0.5.0,nf-console@1.3.0,nf-google@1.23.3,nf-k8s@1.2.2,nf-tower@1.17.3,nf-wave@1.16.1
Apr-24 13:45:41.211 [main] INFO  o.pf4j.DefaultPluginStatusProvider - Enabled plugins: []
Apr-24 13:45:41.212 [main] INFO  o.pf4j.DefaultPluginStatusProvider - Disabled plugins: []
Apr-24 13:45:41.217 [main] INFO  org.pf4j.DefaultPluginManager - PF4J version 3.12.0 in 'deployment' mode
Apr-24 13:45:41.296 [main] DEBUG nextflow.util.RetryConfig - Missing nextflow session - using default retry config
Apr-24 13:45:41.661 [main] INFO  org.pf4j.AbstractPluginManager - No plugins
Apr-24 13:45:41.708 [main] DEBUG nextflow.config.ConfigBuilder - Parsing config file: /orcd/data/dandi/001/dandi-compute/processing/tmpk02kim7f/001697/derivatives/dandiset-001747/sub-chip19894/ses-recording049/pipeline-aind+ephys/version-v1.1.1+b268fd2/params-98fd947_config-6568dda_attempt-1/code/mit_engaging.config
Apr-24 13:45:41.769 [main] DEBUG nextflow.config.ConfigBuilder - Applying config profile: `standard`
Apr-24 13:45:42.683 [main] DEBUG nextflow.plugin.PluginsFacade - Plugins default=[]
Apr-24 13:45:42.684 [main] DEBUG nextflow.plugin.PluginsFacade - Plugins resolved requirement=[]
Apr-24 13:45:42.701 [main] DEBUG n.secret.LocalSecretsProvider - Secrets store: /home/cb239/.nextflow/secrets/store.json
Apr-24 13:45:42.705 [main] DEBUG nextflow.secret.SecretsLoader - Discovered secrets providers: [nextflow.secret.LocalSecretsProvider@bc6288b] - activable => nextflow.secret.LocalSecretsProvider@bc6288b
Apr-24 13:45:42.710 [main] DEBUG nextflow.cli.CmdRun - Applied DSL=2 from script declaration
Apr-24 13:45:42.728 [main] DEBUG nextflow.cli.CmdRun - Launching `/orcd/data/dandi/001/dandi-compute/aind-ephys-pipeline.cody/pipeline/main_multi_backend.nf` [confident_salas] DSL2 - revision: 9b4b4a2d88
Apr-24 13:45:42.824 [main] DEBUG nextflow.Session - Session UUID: d2d0b545-2b9f-49bd-98c2-52dcd62d366b
Apr-24 13:45:42.824 [main] DEBUG nextflow.Session - Run name: confident_salas
Apr-24 13:45:42.825 [main] DEBUG nextflow.Session - Executor pool size: 2
Apr-24 13:45:42.834 [main] DEBUG nextflow.file.FilePorter - File porter settings maxRetries=3; maxTransfers=50; pollTimeout=null
Apr-24 13:45:42.856 [main] DEBUG nextflow.util.ThreadPoolBuilder - Creating thread pool 'FileTransfer' minSize=10; maxSize=10; workQueue=LinkedBlockingQueue[-1]; allowCoreThreadTimeout=false
Apr-24 13:45:42.894 [main] DEBUG nextflow.cli.CmdRun - 
  Version: 25.10.2 build 10555
  Created: 28-11-2025 19:24 UTC (14:24 EDT)
  System: Linux 4.18.0-553.83.1.el8_10.x86_64
  Runtime: Groovy 4.0.28 on OpenJDK 64-Bit Server VM 23.0.2-internal-adhoc.conda.src
  Encoding: UTF-8 (UTF-8)
  Process: 1957419@node3314 [10.1.33.14]
  CPUs: 2 - Mem: 1 GB (826.8 MB) - Swap: 4 GB (4 GB)
Apr-24 13:45:42.924 [main] DEBUG nextflow.Session - Work-dir: /orcd/data/dandi/001/dandi-compute/work [nfs]
Apr-24 13:45:42.924 [main] DEBUG nextflow.Session - Script base path does not exist or is not a directory: /orcd/data/dandi/001/dandi-compute/aind-ephys-pipeline.cody/pipeline/bin
Apr-24 13:45:42.936 [main] DEBUG nextflow.executor.ExecutorFactory - Extension executors providers=[]
Apr-24 13:45:42.949 [main] DEBUG nextflow.Session - Observer factory (v2): LinObserverFactory
Apr-24 13:45:42.952 [main] DEBUG nextflow.Session - Observer factory (v2): DefaultObserverFactory
Apr-24 13:45:43.037 [main] DEBUG nextflow.cache.CacheFactory - Using Nextflow cache factory: nextflow.cache.DefaultCacheFactory
Apr-24 13:45:43.048 [main] DEBUG nextflow.util.CustomThreadPool - Creating default thread pool > poolSize: 3; maxThreads: 1000
Apr-24 13:45:43.110 [main] DEBUG nextflow.Session - Session start
Apr-24 13:45:43.119 [main] DEBUG nextflow.trace.TraceFileObserver - Workflow started -- trace file: /orcd/data/dandi/001/dandi-compute/processing/tmpk02kim7f/001697/derivatives/dandiset-001747/sub-chip19894/ses-recording049/pipeline-aind+ephys/version-v1.1.1+b268fd2/params-98fd947_config-6568dda_attempt-1/intermediate/nextflow/trace.txt
Apr-24 13:45:44.493 [main] DEBUG nextflow.script.ScriptRunner - > Launching execution
Apr-24 13:45:44.498 [main] INFO  nextflow.script.BaseScript - DATA_PATH: /orcd/data/dandi/001/s3dandiarchive/blobs/001/911
Apr-24 13:45:44.503 [main] INFO  nextflow.script.BaseScript - RESULTS_PATH: /orcd/data/dandi/001/dandi-compute/processing/tmpk02kim7f/001697/derivatives/dandiset-001747/sub-chip19894/ses-recording049/pipeline-aind+ephys/version-v1.1.1+b268fd2/params-98fd947_config-6568dda_attempt-1/intermediate
Apr-24 13:45:44.522 [main] INFO  nextflow.script.BaseScript - Loaded parameters from /orcd/data/dandi/001/dandi-compute/processing/tmpk02kim7f/001697/derivatives/dandiset-001747/sub-chip19894/ses-recording049/pipeline-aind+ephys/version-v1.1.1+b268fd2/params-98fd947_config-6568dda_attempt-1/code/default.json
Apr-24 13:45:44.523 [main] INFO  nextflow.script.BaseScript - PARAMS: [params_file:/orcd/data/dandi/001/dandi-compute/processing/tmpk02kim7f/001697/derivatives/dandiset-001747/sub-chip19894/ses-recording049/pipeline-aind+ephys/version-v1.1.1+b268fd2/params-98fd947_config-6568dda_attempt-1/code/default.json, job_dispatch_args:--nwb-files /orcd/data/dandi/001/s3dandiarchive/blobs/001/911/00191182-4939-4c60-bc8c-e45b82e83048, executor:slurm, default_queue:mit_normal, gpu_queue:mit_normal_gpu, max_normal_runtime_in_minutes:720m, max_gpu_runtime_in_minutes:360m, ecephys_path:/orcd/data/dandi/001/s3dandiarchive/blobs/001/911, git_repo_prefix:https://github.com/AllenNeuralDynamics/aind-]
Apr-24 13:45:44.534 [main] INFO  nextflow.script.BaseScript - Using custom capsule versions file at: /orcd/data/dandi/001/dandi-compute/aind-ephys-pipeline.cody/pipeline/capsule_versions.env
Apr-24 13:45:44.543 [main] INFO  nextflow.script.BaseScript - CONTAINER TAG: si-0.103.2
Apr-24 13:45:44.544 [main] INFO  nextflow.script.BaseScript - No extra installs specified.
Apr-24 13:45:44.547 [main] INFO  nextflow.script.BaseScript - Using RUNMODE: full
Apr-24 13:45:44.548 [main] INFO  nextflow.script.BaseScript - Using parameters from JSON file: /orcd/data/dandi/001/dandi-compute/processing/tmpk02kim7f/001697/derivatives/dandiset-001747/sub-chip19894/ses-recording049/pipeline-aind+ephys/version-v1.1.1+b268fd2/params-98fd947_config-6568dda_attempt-1/code/default.json
Apr-24 13:45:44.549 [main] INFO  nextflow.script.BaseScript - Merging job_dispatch_args from JSON with CLI args: --nwb-files /orcd/data/dandi/001/s3dandiarchive/blobs/001/911/00191182-4939-4c60-bc8c-e45b82e83048
Apr-24 13:45:44.590 [main] INFO  nextflow.script.BaseScript - No sorter specified, defaulting to kilosort4
Apr-24 13:45:44.591 [main] INFO  nextflow.script.BaseScript - Using SORTER: kilosort4 with args: --params '{"job_kwargs":{"chunk_duration":"1s","progress_bar":false},"skip_motion_correction":false,"min_drift_channels":96,"raise_if_fails":true,"clear_cache":false,"sorter":{"batch_size":60000,"nblocks":5,"Th_universal":9,"Th_learned":8,"do_CAR":true,"invert_sign":false,"nt":61,"shift":null,"scale":null,"artifact_threshold":null,"nskip":25,"whitening_range":32,"highpass_cutoff":300,"binning_depth":5,"sig_interp":20,"drift_smoothing":[0.5,0.5,0.5],"nt0min":null,"dmin":null,"dminx":32,"min_template_size":10,"template_sizes":5,"nearest_chans":10,"nearest_templates":100,"max_channel_distance":null,"templates_from_data":true,"n_templates":6,"n_pcs":6,"Th_single_ch":6,"acg_threshold":0.2,"ccg_threshold":0.25,"cluster_downsampling":20,"x_centers":null,"duplicate_spike_ms":0.25,"save_preprocessed_copy":false,"torch_device":"auto","bad_channels":null,"clear_cache":false,"save_extra_vars":false,"do_correction":true,"keep_good_only":false,"skip_kilosort_preprocessing":false,"use_binary_file":null,"delete_recording_dat":true}}'
Apr-24 13:45:44.919 [main] DEBUG n.script.dsl.ProcessConfigBuilder - Config settings `withName:job_dispatch` matches process job_dispatch
Apr-24 13:45:44.929 [main] DEBUG nextflow.executor.ExecutorFactory - << taskConfig executor: slurm
Apr-24 13:45:44.929 [main] DEBUG nextflow.executor.ExecutorFactory - >> processorType: 'slurm'
Apr-24 13:45:45.090 [main] DEBUG nextflow.executor.Executor - [warm up] executor > slurm
Apr-24 13:45:45.101 [main] DEBUG n.processor.TaskPollingMonitor - Creating task monitor for executor 'slurm' > capacity: 100; pollInterval: 5s; dumpInterval: 5m 
Apr-24 13:45:45.103 [main] DEBUG n.processor.TaskPollingMonitor - >>> barrier register (monitor: slurm)
Apr-24 13:45:45.109 [main] DEBUG n.executor.AbstractGridExecutor - Creating executor 'slurm' > queue-stat-interval: 1m
Apr-24 13:45:45.133 [main] DEBUG nextflow.processor.TaskProcessor - Creating process 'job_dispatch': maxForks=0; fair=false; array=0
Apr-24 13:45:45.189 [main] DEBUG n.script.dsl.ProcessConfigBuilder - Config settings `withName:preprocessing` matches process preprocessing
Apr-24 13:45:45.192 [main] DEBUG nextflow.executor.ExecutorFactory - << taskConfig executor: slurm
Apr-24 13:45:45.192 [main] DEBUG nextflow.executor.ExecutorFactory - >> processorType: 'slurm'
Apr-24 13:45:45.193 [main] DEBUG nextflow.processor.TaskProcessor - Creating process 'preprocessing': maxForks=0; fair=false; array=0
Apr-24 13:45:45.197 [main] DEBUG n.script.dsl.ProcessConfigBuilder - Config settings `withName:spikesort_kilosort4` matches process spikesort_kilosort4
Apr-24 13:45:45.199 [main] DEBUG nextflow.executor.ExecutorFactory - << taskConfig executor: slurm
Apr-24 13:45:45.199 [main] DEBUG nextflow.executor.ExecutorFactory - >> processorType: 'slurm'
Apr-24 13:45:45.200 [main] DEBUG nextflow.processor.TaskProcessor - Creating process 'spikesort_kilosort4': maxForks=0; fair=false; array=0
Apr-24 13:45:45.210 [main] DEBUG n.script.dsl.ProcessConfigBuilder - Config settings `withName:postprocessing` matches process postprocessing
Apr-24 13:45:45.212 [main] DEBUG nextflow.executor.ExecutorFactory - << taskConfig executor: slurm
Apr-24 13:45:45.213 [main] DEBUG nextflow.executor.ExecutorFactory - >> processorType: 'slurm'
Apr-24 13:45:45.214 [main] DEBUG nextflow.processor.TaskProcessor - Creating process 'postprocessing': maxForks=0; fair=false; array=0
Apr-24 13:45:45.219 [main] DEBUG n.script.dsl.ProcessConfigBuilder - Config settings `withName:curation` matches process curation
Apr-24 13:45:45.221 [main] DEBUG nextflow.executor.ExecutorFactory - << taskConfig executor: slurm
Apr-24 13:45:45.221 [main] DEBUG nextflow.executor.ExecutorFactory - >> processorType: 'slurm'
Apr-24 13:45:45.222 [main] DEBUG nextflow.processor.TaskProcessor - Creating process 'curation': maxForks=0; fair=false; array=0
Apr-24 13:45:45.236 [main] DEBUG n.script.dsl.ProcessConfigBuilder - Config settings `withName:visualization` matches process visualization
Apr-24 13:45:45.239 [main] DEBUG nextflow.executor.ExecutorFactory - << taskConfig executor: slurm
Apr-24 13:45:45.239 [main] DEBUG nextflow.executor.ExecutorFactory - >> processorType: 'slurm'
Apr-24 13:45:45.240 [main] DEBUG nextflow.processor.TaskProcessor - Creating process 'visualization': maxForks=0; fair=false; array=0
Apr-24 13:45:45.276 [main] DEBUG n.script.dsl.ProcessConfigBuilder - Config settings `withName:results_collector` matches process results_collector
Apr-24 13:45:45.279 [main] DEBUG nextflow.executor.ExecutorFactory - << taskConfig executor: slurm
Apr-24 13:45:45.279 [main] DEBUG nextflow.executor.ExecutorFactory - >> processorType: 'slurm'
Apr-24 13:45:45.280 [main] DEBUG nextflow.processor.TaskProcessor - Creating process 'results_collector': maxForks=0; fair=false; array=0
Apr-24 13:45:45.291 [main] DEBUG n.script.dsl.ProcessConfigBuilder - Config settings `withName:quality_control` matches process quality_control
Apr-24 13:45:45.294 [main] DEBUG nextflow.executor.ExecutorFactory - << taskConfig executor: slurm
Apr-24 13:45:45.294 [main] DEBUG nextflow.executor.ExecutorFactory - >> processorType: 'slurm'
Apr-24 13:45:45.295 [main] DEBUG nextflow.processor.TaskProcessor - Creating process 'quality_control': maxForks=0; fair=false; array=0
Apr-24 13:45:45.302 [main] DEBUG n.script.dsl.ProcessConfigBuilder - Config settings `withName:quality_control_collector` matches process quality_control_collector
Apr-24 13:45:45.304 [main] DEBUG nextflow.executor.ExecutorFactory - << taskConfig executor: slurm
Apr-24 13:45:45.304 [main] DEBUG nextflow.executor.ExecutorFactory - >> processorType: 'slurm'
Apr-24 13:45:45.305 [main] DEBUG nextflow.processor.TaskProcessor - Creating process 'quality_control_collector': maxForks=0; fair=false; array=0
Apr-24 13:45:45.312 [main] DEBUG n.script.dsl.ProcessConfigBuilder - Config settings `withName:nwb_ecephys` matches process nwb_ecephys
Apr-24 13:45:45.314 [main] DEBUG nextflow.executor.ExecutorFactory - << taskConfig executor: slurm
Apr-24 13:45:45.314 [main] DEBUG nextflow.executor.ExecutorFactory - >> processorType: 'slurm'
Apr-24 13:45:45.315 [main] DEBUG nextflow.processor.TaskProcessor - Creating process 'nwb_ecephys': maxForks=0; fair=false; array=0
Apr-24 13:45:45.323 [main] DEBUG n.script.dsl.ProcessConfigBuilder - Config settings `withName:nwb_units` matches process nwb_units
Apr-24 13:45:45.325 [main] DEBUG nextflow.executor.ExecutorFactory - << taskConfig executor: slurm
Apr-24 13:45:45.325 [main] DEBUG nextflow.executor.ExecutorFactory - >> processorType: 'slurm'
Apr-24 13:45:45.326 [main] DEBUG nextflow.processor.TaskProcessor - Creating process 'nwb_units': maxForks=0; fair=false; array=0
Apr-24 13:45:45.332 [main] DEBUG nextflow.Session - Workflow process names [dsl2]: nwb_ecephys, visualization, results_collector, postprocessing, preprocessing, spikesort_lupin, spikesort_kilosort25, job_dispatch, spikesort_spykingcircus2, spikesort_kilosort4, curation, quality_control_collector, quality_control, nwb_units
Apr-24 13:45:45.347 [main] WARN  nextflow.Session - There's no process matching config selector: nwb_subject
Apr-24 13:45:45.366 [main] DEBUG nextflow.Session - Igniting dataflow network (12)
Apr-24 13:45:45.377 [main] DEBUG nextflow.processor.TaskProcessor - Starting process > job_dispatch
Apr-24 13:45:45.378 [main] DEBUG nextflow.processor.TaskProcessor - Starting process > preprocessing
Apr-24 13:45:45.390 [main] DEBUG nextflow.processor.TaskProcessor - Starting process > spikesort_kilosort4
Apr-24 13:45:45.390 [main] DEBUG nextflow.processor.TaskProcessor - Starting process > postprocessing
Apr-24 13:45:45.390 [main] DEBUG nextflow.processor.TaskProcessor - Starting process > curation
Apr-24 13:45:45.390 [main] DEBUG nextflow.processor.TaskProcessor - Starting process > visualization
Apr-24 13:45:45.391 [main] DEBUG nextflow.processor.TaskProcessor - Starting process > results_collector
Apr-24 13:45:45.395 [main] DEBUG nextflow.processor.TaskProcessor - Starting process > quality_control
Apr-24 13:45:45.395 [main] DEBUG nextflow.processor.TaskProcessor - Starting process > quality_control_collector
Apr-24 13:45:45.395 [main] DEBUG nextflow.processor.TaskProcessor - Starting process > nwb_ecephys
Apr-24 13:45:45.395 [main] DEBUG nextflow.processor.TaskProcessor - Starting process > nwb_units
Apr-24 13:45:45.398 [main] DEBUG nextflow.script.ScriptRunner - Parsed script files:
  Script_ca4cfbc669997bac: /orcd/data/dandi/001/dandi-compute/aind-ephys-pipeline.cody/pipeline/main_multi_backend.nf
Apr-24 13:45:45.398 [main] DEBUG nextflow.script.ScriptRunner - > Awaiting termination 
Apr-24 13:45:45.398 [main] DEBUG nextflow.Session - Session await
Apr-24 13:45:45.549 [Actor Thread 7] DEBUG nextflow.container.SingularityCache - Apptainer found local store for image=docker://ghcr.io/allenneuraldynamics/aind-ephys-pipeline-base:si-0.103.2; path=/orcd/data/dandi/001/dandi-compute/work/apptainer_cache/ghcr.io-allenneuraldynamics-aind-ephys-pipeline-base-si-0.103.2.img
Apr-24 13:45:45.851 [Task submitter] DEBUG nextflow.executor.GridTaskHandler - [SLURM] submitted process job_dispatch (job-dispatch) > jobId: 12456924; workDir: /orcd/data/dandi/001/dandi-compute/work/d3/f9ec052d1c771bf19c8c6ad4f23461
Apr-24 13:45:45.852 [Task submitter] INFO  nextflow.Session - [d3/f9ec05] Submitted process > job_dispatch (job-dispatch)
Apr-24 13:46:55.191 [Task monitor] DEBUG n.processor.TaskPollingMonitor - Task completed > TaskHandler[jobId: 12456924; id: 1; name: job_dispatch (job-dispatch); status: COMPLETED; exit: 0; error: -; workDir: /orcd/data/dandi/001/dandi-compute/work/d3/f9ec052d1c771bf19c8c6ad4f23461 started: 1777052815183; exited: 2026-04-24T17:46:37.083073282Z; ]
Apr-24 13:46:55.193 [Task monitor] DEBUG nextflow.util.ThreadPoolBuilder - Creating thread pool 'TaskFinalizer' minSize=10; maxSize=10; workQueue=LinkedBlockingQueue[-1]; allowCoreThreadTimeout=false
Apr-24 13:46:55.262 [Actor Thread 17] DEBUG nextflow.container.SingularityCache - Apptainer found local store for image=docker://ghcr.io/allenneuraldynamics/aind-ephys-pipeline-nwb:si-0.103.2; path=/orcd/data/dandi/001/dandi-compute/work/apptainer_cache/ghcr.io-allenneuraldynamics-aind-ephys-pipeline-nwb-si-0.103.2.img
Apr-24 13:46:55.506 [Task submitter] DEBUG nextflow.executor.GridTaskHandler - [SLURM] submitted process nwb_ecephys (nwb-ecephys) > jobId: 12456946; workDir: /orcd/data/dandi/001/dandi-compute/work/4a/f798585dd208147fda073bb4902091
Apr-24 13:46:55.507 [Task submitter] INFO  nextflow.Session - [4a/f79858] Submitted process > nwb_ecephys (nwb-ecephys)
Apr-24 13:46:55.591 [Task submitter] DEBUG nextflow.executor.GridTaskHandler - [SLURM] submitted process preprocessing (preprocessing) > jobId: 12456947; workDir: /orcd/data/dandi/001/dandi-compute/work/e0/49305a4c8c9910f080fc67b0b257cf
Apr-24 13:46:55.592 [Task submitter] INFO  nextflow.Session - [e0/49305a] Submitted process > preprocessing (preprocessing)
Apr-24 13:47:55.195 [Task monitor] DEBUG n.processor.TaskPollingMonitor - Task completed > TaskHandler[jobId: 12456946; id: 2; name: nwb_ecephys (nwb-ecephys); status: COMPLETED; exit: 1; error: -; workDir: /orcd/data/dandi/001/dandi-compute/work/4a/f798585dd208147fda073bb4902091 started: 1777052875188; exited: 2026-04-24T17:47:43.396489473Z; ]
Apr-24 13:47:55.201 [TaskFinalizer-2] DEBUG nextflow.processor.TaskProcessor - Handling unexpected condition for
  task: name=nwb_ecephys (nwb-ecephys); work-dir=/orcd/data/dandi/001/dandi-compute/work/4a/f798585dd208147fda073bb4902091
  error [nextflow.exception.ProcessFailedException]: Process `nwb_ecephys (nwb-ecephys)` terminated with an error exit status (1)
Apr-24 13:47:55.209 [Task monitor] DEBUG n.processor.TaskPollingMonitor - Task completed > TaskHandler[jobId: 12456947; id: 3; name: preprocessing (preprocessing); status: COMPLETED; exit: 1; error: -; workDir: /orcd/data/dandi/001/dandi-compute/work/e0/49305a4c8c9910f080fc67b0b257cf started: 1777052875195; exited: 2026-04-24T17:47:37.037449563Z; ]
Apr-24 13:47:55.210 [TaskFinalizer-3] DEBUG nextflow.processor.TaskProcessor - Handling unexpected condition for
  task: name=preprocessing (preprocessing); work-dir=/orcd/data/dandi/001/dandi-compute/work/e0/49305a4c8c9910f080fc67b0b257cf
  error [nextflow.exception.ProcessFailedException]: Process `preprocessing (preprocessing)` terminated with an error exit status (1)
Apr-24 13:47:55.262 [TaskFinalizer-2] ERROR nextflow.processor.TaskProcessor - Error executing process > 'nwb_ecephys (nwb-ecephys)'

Caused by:
  Process `nwb_ecephys (nwb-ecephys)` terminated with an error exit status (1)


Command executed:

  #!/usr/bin/env bash
      set -e
  
      
      
  
      mkdir -p capsule
      mkdir -p capsule/data
      mkdir -p capsule/results
      mkdir -p capsule/scratch
  
      if [[ slurm == "slurm" ]]; then
          echo "[nwb-ecephys] allocated task time: 12h"
          # Make sure N_JOBS matches allocated CPUs on SLURM
          export N_JOBS_EXT=16
      fi
  
      echo "[nwb-ecephys] cloning git repo..."
      
  clone_repo() {
      local repo_url="$1"
      local commit_hash="$2"
  
      echo "cloning git repo: ${repo_url} (commit: ${commit_hash})..."
  
      git clone "${repo_url}" capsule-repo
      git -C capsule-repo -c core.fileMode=false checkout "${commit_hash}" --quiet
  
      mv capsule-repo/code capsule/code
      rm -rf capsule-repo
  }
  
      clone_repo "https://github.com/AllenNeuralDynamics/aind-ecephys-nwb.git" "31d08bf37ec50b4092565a42783aa853862b348c"
  
      echo "[nwb-ecephys] running capsule..."
      cd capsule/code
      chmod +x run
      ./run --params '{"backend":"hdf5","stub":false,"stub_seconds":10,"write_lfp":true,"write_raw":false,"lfp_temporal_factor":2,"lfp_spatial_factor":4,"lfp_highpass_freq_min":0.1,"surface_channel_agar_probes_indices":"","lfp":{"filter":{"freq_min":0.1,"freq_max":500},"sampling_rate":2500}}'
  
      echo "[nwb-ecephys] completed!"

Command exit status:
  1

Command output:
  [nwb-ecephys] allocated task time: 12h
  [nwb-ecephys] cloning git repo...
  cloning git repo: https://github.com/AllenNeuralDynamics/aind-ecephys-nwb.git (commit: 31d08bf37ec50b4092565a42783aa853862b348c)...
  [nwb-ecephys] running capsule...
  
  
  NWB EXPORT ECEPHYS
  Running NWB conversion with the following parameters:
  Stub test: False
  Stub seconds: 10.0
  Write LFP: True
  Write RAW: False
  Temporal subsampling factor: 2
  Spatial subsampling factor: 4
  Highpass filter frequency: 0.1
  Surface channel indices for agar probes: 
  NWB backend: hdf5
  Found 1 JSON job files
  Session: 00191182-4939-4c60-bc8c-e45b82e83048
  Number of NWB files to write: 1
  Number of streams to write for each file: 1
  Creating NWB file with info.
  Processing block0_acquisition-ElectricalSeries_recording1
  	Loading block0_acquisition-ElectricalSeries_recording1 from 1 JSON files
  		block0_acquisition-ElectricalSeries_recording1
  	Could not load device information: adding default probe device
  	Adding LFP data for stream acquisition-ElectricalSeries from wide-band signal - segment 0

Command error:
  WARNING: While bind mounting '/orcd/data/dandi/001:/orcd/data/dandi/001': destination is already in the mount point list
  Cloning into 'capsule-repo'...
  + python -u run_capsule.py --params '{"backend":"hdf5","stub":false,"stub_seconds":10,"write_lfp":true,"write_raw":false,"lfp_temporal_factor":2,"lfp_spatial_factor":4,"lfp_highpass_freq_min":0.1,"surface_channel_agar_probes_indices":"","lfp":{"filter":{"freq_min":0.1,"freq_max":500},"sampling_rate":2500}}'
  Traceback (most recent call last):
    File "capsule/code/run_capsule.py", line 637, in <module>
      recording_lfp = spre.bandpass_filter(recording, **lfp_filter_kwargs)
                      ^^^^^^^^^^^^^^^^^^^^^^^^^^^^^^^^^^^^^^^^^^^^^^^^^^^^
    File "/opt/conda/lib/python3.11/site-packages/spikeinterface/core/core_tools.py", line 35, in source_class_or_dict_of_sources_classes
      return source_class(*args, **kwargs)
             ^^^^^^^^^^^^^^^^^^^^^^^^^^^^^
    File "/opt/conda/lib/python3.11/site-packages/spikeinterface/preprocessing/filter.py", line 233, in __init__
      FilterRecording.__init__(
    File "/opt/conda/lib/python3.11/site-packages/spikeinterface/preprocessing/filter.py", line 105, in __init__
      dtype = fix_dtype(recording, dtype)
              ^^^^^^^^^^^^^^^^^^^^^^^^^^^
    File "/opt/conda/lib/python3.11/site-packages/spikeinterface/preprocessing/filter.py", line 425, in fix_dtype
      raise ValueError(
  ValueError: Unsigned types are not supported, since they don't interact well with various preprocessing steps. You can use `spikeinterface.preprocessing.unsigned_to_signed` to convert the recording to a signed type.For more information, please see https://spikeinterface.readthedocs.io/en/stable/how_to/unsigned_to_signed.html

Work dir:
  /orcd/data/dandi/001/dandi-compute/work/4a/f798585dd208147fda073bb4902091

Container:
  /orcd/data/dandi/001/dandi-compute/work/apptainer_cache/ghcr.io-allenneuraldynamics-aind-ephys-pipeline-nwb-si-0.103.2.img

Tip: when you have fixed the problem you can continue the execution adding the option `-resume` to the run command line
Apr-24 13:47:55.265 [main] DEBUG nextflow.Session - Session await > all processes finished
Apr-24 13:47:55.268 [TaskFinalizer-2] DEBUG nextflow.Session - Session aborted -- Cause: Process `nwb_ecephys (nwb-ecephys)` terminated with an error exit status (1)
Apr-24 13:47:55.294 [TaskFinalizer-2] DEBUG n.trace.WorkflowStatsObserver - Workflow completed > WorkflowStats[succeededCount=1; failedCount=2; ignoredCount=0; cachedCount=0; pendingCount=0; submittedCount=0; runningCount=0; retriesCount=0; abortedCount=0; succeedDuration=9.6s; failedDuration=544ms; cachedDuration=0ms;loadCpus=0; loadMemory=0; peakRunning=2; peakCpus=48; peakMemory=320 GB; ]
Apr-24 13:47:55.538 [TaskFinalizer-2] DEBUG nextflow.trace.ReportObserver - Workflow completed -- rendering execution report
Apr-24 13:47:56.004 [TaskFinalizer-2] DEBUG nextflow.trace.TimelineObserver - Workflow completed -- rendering execution timeline
Apr-24 13:47:56.082 [TaskFinalizer-2] DEBUG nextflow.trace.TraceFileObserver - Workflow completed -- saving trace file
Apr-24 13:47:56.090 [Task monitor] DEBUG n.processor.TaskPollingMonitor - <<< barrier arrives (monitor: slurm) - terminating tasks monitor poll loop
Apr-24 13:47:56.090 [main] DEBUG nextflow.Session - Session await > all barriers passed
Apr-24 13:47:56.092 [main] DEBUG n.trace.WorkflowStatsObserver - Workflow completed > WorkflowStats[succeededCount=1; failedCount=2; ignoredCount=0; cachedCount=0; pendingCount=0; submittedCount=0; runningCount=0; retriesCount=0; abortedCount=0; succeedDuration=9.6s; failedDuration=544ms; cachedDuration=0ms;loadCpus=0; loadMemory=0; peakRunning=2; peakCpus=48; peakMemory=320 GB; ]
Apr-24 13:47:56.110 [main] DEBUG nextflow.trace.ReportObserver - Workflow completed -- rendering execution report
Apr-24 13:47:56.438 [main] DEBUG nextflow.trace.TimelineObserver - Workflow completed -- rendering execution timeline
Apr-24 13:47:56.489 [main] DEBUG nextflow.trace.TraceFileObserver - Workflow completed -- saving trace file
Apr-24 13:47:56.499 [main] DEBUG nextflow.cache.CacheDB - Closing CacheDB done
Apr-24 13:47:56.530 [main] DEBUG nextflow.script.ScriptRunner - > Execution complete -- Goodbye
